+ cd /var/lib/jenkins
+ ./checkresourceprovisioned.new.sh 10.236.11.98
+ set -e
+ ping -c 1 10.236.11.98
+ RV=0
+ ssh -q -o PasswordAuthentication=no -o StrictHostKeyChecking=no jenkins@10.236.11.98 'test ! -f checkfornewkerneltag.sh'
+ (( RV == 1 ))
+ ssh-keygen -R 10.236.11.98
+ ssh -q -o PasswordAuthentication=no -o StrictHostKeyChecking=no root@10.236.11.98 :
++ ./what_distro_remote.sh root@10.236.11.98
+ distro=ubuntu-18.04
+ [[ ubuntu-18.04 = \u\b\u\n\t\u\-* ]]
+ ssh -q root@10.236.11.98
Welcome to Ubuntu 18.04 LTS (GNU/Linux 4.15.0-22-generic x86_64)

 * Documentation:  https://help.ubuntu.com
 * Management:     https://landscape.canonical.com
 * Support:        https://ubuntu.com/advantage

  System information as of Wed Jun  6 18:57:51 UTC 2018

  System load:  0.25               Processes:          992
  Usage of /:   32.1% of 78.24GB   Users logged in:    1
  Memory usage: 1%                 IP address for br0: 10.236.11.98
  Swap usage:   0%

 * Meltdown, Spectre and Ubuntu: What are the attack vectors,
   how the fixes work, and everything else you need to know
   - https://ubu.one/u2Know

 * Canonical Livepatch is available for installation.
   - Reduce system reboots and improve kernel security. Activate at:
     https://ubuntu.com/livepatch

23 packages can be updated.
0 updates are security updates.


mesg: ttyname failed: Inappropriate ioctl for device

WARNING: apt does not have a stable CLI interface. Use with caution in scripts.

Reading package lists...
Building dependency tree...
Reading state information...
bison is already the newest version (2:3.0.4.dfsg-1build1).
build-essential is already the newest version (12.4ubuntu1).
flex is already the newest version (2.6.4-6).
htop is already the newest version (2.1.0-3).
libelf-dev is already the newest version (0.170-0.4).
libssl-dev is already the newest version (1.1.0g-2ubuntu4).
net-tools is already the newest version (1.60+git20161116.90da8a0-1ubuntu1).
rpm is already the newest version (4.14.1+dfsg1-2).
git is already the newest version (1:2.17.1-1ubuntu0.1).
ifupdown is already the newest version (0.8.17ubuntu1.1).
The following package was automatically installed and is no longer required:
  grub-pc-bin
Use 'apt autoremove' to remove it.
0 upgraded, 0 newly installed, 0 to remove and 23 not upgraded.

WARNING: apt does not have a stable CLI interface. Use with caution in scripts.

Reading package lists...
Building dependency tree...
Reading state information...
lib32z1 is already the newest version (1:1.2.11.dfsg-0ubuntu2).
lib32z1-dev is already the newest version (1:1.2.11.dfsg-0ubuntu2).
arping is already the newest version (2.19-4).
The following package was automatically installed and is no longer required:
  grub-pc-bin
Use 'apt autoremove' to remove it.
0 upgraded, 0 newly installed, 0 to remove and 23 not upgraded.

WARNING: apt does not have a stable CLI interface. Use with caution in scripts.

Reading package lists...
Building dependency tree...
Reading state information...
acpica-tools is already the newest version (20180105-1).
nasm is already the newest version (2.13.02-0.1).
libncurses5-dev is already the newest version (6.1-1ubuntu1.18.04).
uuid-dev is already the newest version (2.31.1-0.4ubuntu3.1).
The following package was automatically installed and is no longer required:
  grub-pc-bin
Use 'apt autoremove' to remove it.
0 upgraded, 0 newly installed, 0 to remove and 23 not upgraded.

WARNING: apt does not have a stable CLI interface. Use with caution in scripts.

Reading package lists...
Building dependency tree...
Reading state information...
bridge-utils is already the newest version (1.5-15ubuntu1).
golang is already the newest version (2:1.10~4ubuntu1).
liblzma-dev is already the newest version (5.2.2-1.3).
libyaml-dev is already the newest version (0.1.7-2ubuntu3).
openvswitch-switch is already the newest version (2.9.0-0ubuntu1).
python-dev is already the newest version (2.7.15~rc1-1).
python-networkx is already the newest version (1.11-1ubuntu2).
libvirt-dev is already the newest version (4.0.0-1ubuntu8.1).
python-pip is already the newest version (9.0.1-2.3~ubuntu1).
The following package was automatically installed and is no longer required:
  grub-pc-bin
Use 'apt autoremove' to remove it.
0 upgraded, 0 newly installed, 0 to remove and 23 not upgraded.

WARNING: apt does not have a stable CLI interface. Use with caution in scripts.

Reading package lists...
Building dependency tree...
Reading state information...
libpopt-dev is already the newest version (1.16-11).
libblkid-dev is already the newest version (2.31.1-0.4ubuntu3.1).
The following package was automatically installed and is no longer required:
  grub-pc-bin
Use 'apt autoremove' to remove it.
0 upgraded, 0 newly installed, 0 to remove and 23 not upgraded.
Requirement already satisfied: snakefood in /usr/local/lib/python2.7/dist-packages
Requirement already satisfied: pynacl in /usr/local/lib/python2.7/dist-packages
Requirement already satisfied: netifaces in /usr/local/lib/python2.7/dist-packages
Requirement already satisfied: libvirt-python in /usr/local/lib/python2.7/dist-packages
Requirement already satisfied: six in /usr/lib/python2.7/dist-packages (from pynacl)
Requirement already satisfied: cffi>=1.4.1 in /usr/local/lib/python2.7/dist-packages (from pynacl)
Requirement already satisfied: pycparser in /usr/local/lib/python2.7/dist-packages (from cffi>=1.4.1->pynacl)

WARNING: apt does not have a stable CLI interface. Use with caution in scripts.

Reading package lists...
Building dependency tree...
Reading state information...
Package 'apparmor' is not installed, so not removed
Package 'ufw' is not installed, so not removed
Package 'whoopsie' is not installed, so not removed
Package 'apport' is not installed, so not removed
The following package was automatically installed and is no longer required:
  grub-pc-bin
Use 'apt autoremove' to remove it.
0 upgraded, 0 newly installed, 0 to remove and 23 not upgraded.
Generating grub configuration file ...
Found linux image: /boot/vmlinuz-4.15.0-22-generic
Found initrd image: /boot/initrd.img-4.15.0-22-generic
Found linux image: /boot/vmlinuz-4.15.0-20-generic
Found initrd image: /boot/initrd.img-4.15.0-20-generic
Adding boot menu entry for EFI firmware configuration
done
Synchronizing state of unattended-upgrades.service with SysV service script with /lib/systemd/systemd-sysv-install.
Executing: /lib/systemd/systemd-sysv-install disable unattended-upgrades
Failed to disable unit: Unit file network-manager.service does not exist.
Failed to disable unit: Unit file network-manager.service does not exist.
Synchronizing state of networking.service with SysV service script with /lib/systemd/systemd-sysv-install.
Executing: /lib/systemd/systemd-sysv-install enable networking
Cloning into 'grubby'...
--2018-06-06 18:58:08--  http://sos-infrastructure/~brwoods/patches/grubby_grub2.patch
Resolving sos-infrastructure (sos-infrastructure)... 10.236.13.189
Connecting to sos-infrastructure (sos-infrastructure)|10.236.13.189|:80... connected.
HTTP request sent, awaiting response... 200 OK
Length: 3322 (3.2K) [text/x-diff]
Saving to: ‘grubby_grub2.patch’

     0K ...                                                   100%  207M=0s

2018-06-06 18:58:08 (207 MB/s) - ‘grubby_grub2.patch’ saved [3322/3322]

gcc -O2 -g -pipe -Wp,-D_FORTIFY_SOURCE=2 -fstack-protector -std=gnu99 -Wall -Werror -Wno-error=unused-function -Wno-unused-function -ggdb -DVERSION='"8.40"' -c -o grubby.o grubby.c
gcc -O2 -g -pipe -Wp,-D_FORTIFY_SOURCE=2 -fstack-protector -std=gnu99 -Wall -Werror -Wno-error=unused-function -Wno-unused-function -ggdb -DVERSION='"8.40"' -c -o log.o log.c
gcc -O2 -g -pipe -Wp,-D_FORTIFY_SOURCE=2 -fstack-protector -std=gnu99 -Wall -Werror -Wno-error=unused-function -Wno-unused-function -ggdb  -o grubby grubby.o log.o -lblkid -lpopt
mkdir -p /sbin
mkdir -p //man8
install -m 755 new-kernel-pkg /sbin
install -m 644 new-kernel-pkg.8 //man8
install -m 755 installkernel /sbin
install -m 644 installkernel.8 //man8
if [ -f grubby ]; then \
	install -m 755 grubby /sbin ; \
	install -m 644 grubby.8 //man8 ; \
fi
+ ssh -q root@10.236.11.98 'cat > /etc/network/interfaces'
+ ssh -q root@10.236.11.98 'cat > /etc/skel/.nanorc'
+ SUDOGROUP=
+ [[ ubuntu-18.04 = \u\b\u\n\t\u\-* ]]
+ SUDOGROUP=sudo
+ RV=0
+ ssh -q root@10.236.11.98 'useradd -m -s /bin/bash -G sudo jenkins'
useradd: user 'jenkins' already exists
+ RV=9
+ ((  9 == 9  ))
+ ssh -q root@10.236.11.98 'echo jenkins:amd123 | chpasswd'
+ ./ssh-copy-id.expect jenkins@10.236.11.98
spawn ssh-copy-id -o StrictHostKeyChecking=no jenkins@10.236.11.98
/bin/ssh-copy-id: INFO: Source of key(s) to be installed: "/var/lib/jenkins/.ssh/id_rsa.pub"
/bin/ssh-copy-id: INFO: attempting to log in with the new key(s), to filter out any that are already installed

/bin/ssh-copy-id: WARNING: All keys were skipped because they already exist on the remote system.
		(if you think this is a mistake, you may want to use -f option)

send: spawn id exp4 not open
    while executing
"send "amd123\n""
    (file "./ssh-copy-id.expect" line 5)
