+ cd /var/lib/jenkins
+ ./checkresourceprovisioned.new.sh sos-avocado-os0
+ set -e
+ ping -c 1 sos-avocado-os0
+ ssh -q -o PasswordAuthentication=no -o StrictHostKeyChecking=no jenkins@sos-avocado-os0 'test ! -f checkfornewkerneltag.sh'
+ '[' 255 -eq 1 ']'
+ ssh-keygen -R sos-avocado-os0
+ ssh -q -o PasswordAuthentication=no -o StrictHostKeyChecking=no root@sos-avocado-os0 :
+ ./ssh-copy-id.expect root@sos-avocado-os0
spawn ssh-copy-id -o StrictHostKeyChecking=no root@sos-avocado-os0
/bin/ssh-copy-id: INFO: Source of key(s) to be installed: "/var/lib/jenkins/.ssh/id_rsa.pub"
/bin/ssh-copy-id: INFO: attempting to log in with the new key(s), to filter out any that are already installed
/bin/ssh-copy-id: INFO: 1 key(s) remain to be installed -- if you are prompted now it is to install the new keys
Password: 

Number of key(s) added: 1

Now try logging into the machine, with:   "ssh -o 'StrictHostKeyChecking=no' 'root@sos-avocado-os0'"
and check to make sure that only the key(s) you wanted were added.

++ ./what_distro.sh root@sos-avocado-os0
+ distro=sles-12.3
+ '[' sles-12.3 = ubuntu-16.04 ']'
+ '[' sles-12.3 = ubuntu-17.10 ']'
+ '[' sles-12.3 = ubuntu-18.04 ']'
+ '[' sles-12.3 = ubuntu-18.04 ']'
+ '[' sles-12.3 = sles-12.3 ']'
+ ssh -q root@sos-avocado-os0
Last failed login: Mon May 21 17:47:20 CDT 2018 from 10.236.105.240 on ssh:notty
There were 3 failed login attempts since the last successful login.
Adding repository 'dvd 1 repo' [......done]
Repository 'dvd 1 repo' successfully added

URI         : http://sos-infrastructure.amd.com/fileserv/iso_repos/sles/12.3/dvd1/
Enabled     : Yes                                                                 
GPG Check   : Yes                                                                 
Autorefresh : Yes                                                                 
Priority    : 99 (default priority)                                               

Repository priorities are without effect. All enabled repositories share the same priority.
Adding repository 'dvd 2 repo' [......done]
Repository 'dvd 2 repo' successfully added

URI         : http://sos-infrastructure.amd.com/fileserv/iso_repos/sles/12.3/dvd2/
Enabled     : Yes                                                                 
GPG Check   : Yes                                                                 
Autorefresh : Yes                                                                 
Priority    : 99 (default priority)                                               

Repository priorities are without effect. All enabled repositories share the same priority.
Adding repository 'sdk dvd 1 repo' [......done]
Repository 'sdk dvd 1 repo' successfully added

URI         : http://sos-infrastructure.amd.com/fileserv/iso_repos/sles/12.3/sdk_dvd1/
Enabled     : Yes                                                                     
GPG Check   : Yes                                                                     
Autorefresh : Yes                                                                     
Priority    : 99 (default priority)                                                   

Repository priorities are without effect. All enabled repositories share the same priority.
Adding repository 'sdk dvd 2 repo' [......done]
Repository 'sdk dvd 2 repo' successfully added

URI         : http://sos-infrastructure.amd.com/fileserv/iso_repos/sles/12.3/sdk_dvd2/
Enabled     : Yes                                                                     
GPG Check   : Yes                                                                     
Autorefresh : Yes                                                                     
Priority    : 99 (default priority)                                                   

Repository priorities are without effect. All enabled repositories share the same priority.
Unknown option '--no-confirm'
