2018-06-08 16:13:29,718 extension        L0189 DEBUG| found extension EntryPoint.parse('journal = avocado.plugins.journal:JournalResult')
2018-06-08 16:13:29,718 extension        L0189 DEBUG| found extension EntryPoint.parse('tap = avocado.plugins.tap:TAPResult')
2018-06-08 16:13:29,719 extension        L0189 DEBUG| found extension EntryPoint.parse('human = avocado.plugins.human:Human')
2018-06-08 16:13:29,719 extension        L0189 DEBUG| found extension EntryPoint.parse('vt-joblock = avocado_vt.plugins.vt_joblock:VTJobLock')
2018-06-08 16:13:29,721 extension        L0189 DEBUG| found extension EntryPoint.parse('teststmpdir = avocado.plugins.teststmpdir:TestsTmpDir')
2018-06-08 16:13:29,721 extension        L0189 DEBUG| found extension EntryPoint.parse('jobscripts = avocado.plugins.jobscripts:JobScripts')
2018-06-08 16:13:29,722 extension        L0189 DEBUG| found extension EntryPoint.parse('human = avocado.plugins.human:HumanJob')
2018-06-08 16:13:29,725 extension        L0189 DEBUG| found extension EntryPoint.parse('yaml_to_mux = avocado_varianter_yaml_to_mux:YamlToMux')
2018-06-08 16:13:29,726 sysinfo          L0392 DEBUG| File /etc/avocado/sysinfo/commands does not exist.
2018-06-08 16:13:29,726 sysinfo          L0403 DEBUG| File /etc/avocado/sysinfo/files does not exist.
2018-06-08 16:13:29,726 sysinfo          L0430 DEBUG| File /etc/avocado/sysinfo/profilers does not exist.
2018-06-08 16:13:29,739 job              L0327 INFO | Command line: /usr/local/bin/avocado run --force-job-id 30e3f474bd0c4b9e2358e85042838aad2ed1ebe7 --json - --archive examples/errortest.py
2018-06-08 16:13:29,740 job              L0328 INFO | 
2018-06-08 16:13:29,740 job              L0362 INFO | Avocado version: 58.0
2018-06-08 16:13:29,740 job              L0363 INFO | 
2018-06-08 16:13:29,740 job              L0367 INFO | Config files read (in order):
2018-06-08 16:13:29,740 job              L0369 INFO | /usr/local/lib/python2.7/dist-packages/avocado_framework-58.0-py2.7.egg/avocado/etc/avocado/avocado.conf
2018-06-08 16:13:29,740 job              L0369 INFO | /usr/local/lib/python2.7/dist-packages/avocado_framework-58.0-py2.7.egg/avocado/etc/avocado/conf.d/resultsdb.conf
2018-06-08 16:13:29,740 job              L0369 INFO | /usr/local/lib/python2.7/dist-packages/avocado_framework-58.0-py2.7.egg/avocado/etc/avocado/conf.d/gdb.conf
2018-06-08 16:13:29,740 job              L0369 INFO | /usr/local/lib/python2.7/dist-packages/avocado_framework-58.0-py2.7.egg/avocado/etc/avocado/conf.d/jobscripts.conf
2018-06-08 16:13:29,740 job              L0369 INFO | /usr/local/lib/python2.7/dist-packages/avocado_framework-58.0-py2.7.egg/avocado/etc/avocado/conf.d/result_upload.conf
2018-06-08 16:13:29,741 job              L0369 INFO | /root/.config/avocado/avocado.conf
2018-06-08 16:13:29,741 job              L0374 INFO | 
2018-06-08 16:13:29,741 job              L0376 INFO | Avocado config:
2018-06-08 16:13:29,742 job              L0385 INFO | Section.Key                              Value
2018-06-08 16:13:29,742 job              L0385 INFO | datadir.paths.base_dir                   /var/lib/avocado
2018-06-08 16:13:29,742 job              L0385 INFO | datadir.paths.test_dir                   /usr/share/avocado/tests
2018-06-08 16:13:29,743 job              L0385 INFO | datadir.paths.data_dir                   /var/lib/avocado/data
2018-06-08 16:13:29,743 job              L0385 INFO | datadir.paths.logs_dir                   ~/avocado/job-results
2018-06-08 16:13:29,743 job              L0385 INFO | sysinfo.collect.enabled                  True
2018-06-08 16:13:29,743 job              L0385 INFO | sysinfo.collect.commands_timeout         -1
2018-06-08 16:13:29,743 job              L0385 INFO | sysinfo.collect.installed_packages       False
2018-06-08 16:13:29,743 job              L0385 INFO | sysinfo.collect.profiler                 False
2018-06-08 16:13:29,743 job              L0385 INFO | sysinfo.collect.locale                   C
2018-06-08 16:13:29,743 job              L0385 INFO | sysinfo.collect.per_test                 False
2018-06-08 16:13:29,743 job              L0385 INFO | sysinfo.collectibles.commands            /etc/avocado/sysinfo/commands
2018-06-08 16:13:29,743 job              L0385 INFO | sysinfo.collectibles.files               /etc/avocado/sysinfo/files
2018-06-08 16:13:29,744 job              L0385 INFO | sysinfo.collectibles.profilers           /etc/avocado/sysinfo/profilers
2018-06-08 16:13:29,744 job              L0385 INFO | runner.output.colored                    True
2018-06-08 16:13:29,744 job              L0385 INFO | runner.output.utf8                       
2018-06-08 16:13:29,744 job              L0385 INFO | remoter.behavior.reject_unknown_hosts    False
2018-06-08 16:13:29,744 job              L0385 INFO | remoter.behavior.disable_known_hosts     False
2018-06-08 16:13:29,744 job              L0385 INFO | job.output.loglevel                      debug
2018-06-08 16:13:29,744 job              L0385 INFO | restclient.connection.hostname           localhost
2018-06-08 16:13:29,744 job              L0385 INFO | restclient.connection.port               9405
2018-06-08 16:13:29,744 job              L0385 INFO | restclient.connection.username           
2018-06-08 16:13:29,744 job              L0385 INFO | restclient.connection.password           
2018-06-08 16:13:29,744 job              L0385 INFO | plugins.disable                          []
2018-06-08 16:13:29,745 job              L0385 INFO | plugins.skip_broken_plugin_notification  []
2018-06-08 16:13:29,745 job              L0385 INFO | plugins.loaders                          ['file', '@DEFAULT']
2018-06-08 16:13:29,745 job              L0385 INFO | gdb.paths.gdb                            /usr/bin/gdb
2018-06-08 16:13:29,745 job              L0385 INFO | gdb.paths.gdbserver                      /usr/bin/gdbserver
2018-06-08 16:13:29,745 job              L0385 INFO | plugins.jobscripts.pre                   /etc/avocado/scripts/job/pre.d/
2018-06-08 16:13:29,745 job              L0385 INFO | plugins.jobscripts.post                  /etc/avocado/scripts/job/post.d/
2018-06-08 16:13:29,745 job              L0385 INFO | plugins.jobscripts.warn_non_existing_dir False
2018-06-08 16:13:29,745 job              L0385 INFO | plugins.jobscripts.warn_non_zero_status  True
2018-06-08 16:13:29,745 job              L0386 INFO | 
2018-06-08 16:13:29,745 job              L0389 INFO | Avocado Data Directories:
2018-06-08 16:13:29,746 job              L0390 INFO | 
2018-06-08 16:13:29,746 job              L0391 INFO | base     /var/lib/avocado
2018-06-08 16:13:29,746 job              L0392 INFO | tests    /usr/share/avocado/tests
2018-06-08 16:13:29,746 job              L0393 INFO | data     /var/lib/avocado/data
2018-06-08 16:13:29,746 job              L0394 INFO | logs     /root/avocado/job-results/job-2018-06-08T16.13-30e3f47
2018-06-08 16:13:29,747 job              L0395 INFO | 
2018-06-08 16:13:29,747 job              L0401 INFO | No variants available, using defaults only
2018-06-08 16:13:29,747 job              L0401 INFO | 
2018-06-08 16:13:29,747 job              L0401 INFO | Variant :    /
2018-06-08 16:13:29,747 job              L0405 INFO | Temporary dir: /var/tmp/avocado_ZYKRHo
2018-06-08 16:13:29,747 job              L0406 INFO | 
2018-06-08 16:13:29,747 job              L0319 INFO | Job ID: 30e3f474bd0c4b9e2358e85042838aad2ed1ebe7
2018-06-08 16:13:29,747 job              L0322 INFO | 
2018-06-08 16:13:29,911 sysinfo          L0392 DEBUG| File /etc/avocado/sysinfo/commands does not exist.
2018-06-08 16:13:29,912 sysinfo          L0403 DEBUG| File /etc/avocado/sysinfo/files does not exist.
2018-06-08 16:13:29,912 sysinfo          L0430 DEBUG| File /etc/avocado/sysinfo/profilers does not exist.
2018-06-08 16:13:29,928 parameters       L0146 DEBUG| PARAMS (key=timeout, path=*, default=None) => None
2018-06-08 16:13:29,928 test             L0382 INFO | START 1-examples/errortest.py:ErrorTest.test
2018-06-08 16:13:29,929 test             L0403 DEBUG| Test metadata:
2018-06-08 16:13:29,929 test             L0404 DEBUG|   filename: /usr/share/avocado/tests/examples/errortest.py
2018-06-08 16:13:30,160 test             L0286 DEBUG| DATA (filename=output.expected) => NOT FOUND (data sources: variant, test, file)
2018-06-08 16:13:30,161 stacktrace       L0041 ERROR| 
2018-06-08 16:13:30,161 stacktrace       L0044 ERROR| Reproduced traceback from: /usr/local/lib/python2.7/dist-packages/avocado_framework-58.0-py2.7.egg/avocado/core/test.py:834
2018-06-08 16:13:30,162 stacktrace       L0047 ERROR| Traceback (most recent call last):
2018-06-08 16:13:30,162 stacktrace       L0047 ERROR|   File "/usr/share/avocado/tests/examples/errortest.py", line 19, in test
2018-06-08 16:13:30,162 stacktrace       L0047 ERROR|     self.error('This should end with ERROR.')
2018-06-08 16:13:30,163 stacktrace       L0047 ERROR|   File "/usr/local/lib/python2.7/dist-packages/avocado_framework-58.0-py2.7.egg/avocado/core/test.py", line 1041, in error
2018-06-08 16:13:30,163 stacktrace       L0047 ERROR|     raise exceptions.TestError(message)
2018-06-08 16:13:30,163 stacktrace       L0047 ERROR| TestError: This should end with ERROR.
2018-06-08 16:13:30,163 stacktrace       L0048 ERROR| 
2018-06-08 16:13:30,163 test             L0839 DEBUG| Local variables:
2018-06-08 16:13:30,190 test             L0842 DEBUG|  -> self <class 'errortest.ErrorTest'>: 1-examples/errortest.py:ErrorTest.test
2018-06-08 16:13:30,190 test             L0286 DEBUG| DATA (filename=output.expected) => NOT FOUND (data sources: variant, test, file)
2018-06-08 16:13:30,190 test             L0286 DEBUG| DATA (filename=stdout.expected) => NOT FOUND (data sources: variant, test, file)
2018-06-08 16:13:30,190 test             L0286 DEBUG| DATA (filename=stderr.expected) => NOT FOUND (data sources: variant, test, file)
2018-06-08 16:13:30,190 test             L1011 ERROR| ERROR 1-examples/errortest.py:ErrorTest.test -> TestError: This should end with ERROR.
2018-06-08 16:13:30,190 test             L1000 INFO | 
2018-06-08 16:13:30,324 job              L0483 INFO | Test results available in /root/avocado/job-results/job-2018-06-08T16.13-30e3f47
2018-06-08 11:13:30,731 job              L0457 INFO | Test results available in /var/lib/jenkins/avocado/job-results/job-2018-06-08T11.13-30e3f47
