+ set -e
+ '[' '!' -d qemu ']'
+ cd qemu
+ git remote set-url origin https://github.com/qemu/qemu.git
+ git fetch --all --tags
Fetching origin
+ '[' 2 -eq 2 -a -n v2.11.1 ']'
+ latestqemutag=v2.11.1
++ cat latestqemutag
+ '[' v2.11.1 '!=' v2.11.0 ']'
+ git checkout v2.11.1
Previous HEAD position was 0a0dc59d27... Update version for v2.11.0 release
HEAD is now at 7c1beb52ed... Update version for 2.11.1 release
+ sudo apt -y install libglib2.0-dev libpixman-1-dev

WARNING: apt does not have a stable CLI interface. Use with caution in scripts.

Reading package lists...
Building dependency tree...
Reading state information...
libglib2.0-dev is already the newest version (2.54.1-1ubuntu1).
libpixman-1-dev is already the newest version (0.34.0-1).
The following packages were automatically installed and are no longer required:
  linux-headers-4.13.0-21 linux-headers-4.13.0-21-generic
  linux-image-4.13.0-21-generic linux-image-extra-4.13.0-21-generic
Use 'sudo apt autoremove' to remove them.
0 upgraded, 0 newly installed, 0 to remove and 62 not upgraded.
+ ./configure --target-list=x86_64-softmmu --enable-trace-backend=log --prefix=/usr
Install prefix    /usr
BIOS directory    /usr/share/qemu
firmware path     /usr/share/qemu-firmware
binary directory  /usr/bin
library directory /usr/lib
module directory  /usr/lib/qemu
libexec directory /usr/libexec
include directory /usr/include
config directory  /usr/etc
local state directory   /usr/var
Manual directory  /usr/share/man
ELF interp prefix /usr/gnemul/qemu-%M
Source path       /home/jenkins/qemu
GIT binary        git
GIT submodules    ui/keycodemapdb dtc capstone
C compiler        cc
Host C compiler   cc
C++ compiler      c++
Objective-C compiler cc
ARFLAGS           rv
CFLAGS            -O2 -U_FORTIFY_SOURCE -D_FORTIFY_SOURCE=2 -g 
QEMU_CFLAGS       -I/usr/include/pixman-1 -I$(SRC_PATH)/dtc/libfdt -Werror -pthread -I/usr/include/glib-2.0 -I/usr/lib/x86_64-linux-gnu/glib-2.0/include -fPIE -DPIE -m64 -mcx16 -D_GNU_SOURCE -D_FILE_OFFSET_BITS=64 -D_LARGEFILE_SOURCE -Wstrict-prototypes -Wredundant-decls -Wall -Wundef -Wwrite-strings -Wmissing-prototypes -fno-strict-aliasing -fno-common -fwrapv  -Wexpansion-to-defined -Wendif-labels -Wno-shift-negative-value -Wno-missing-include-dirs -Wempty-body -Wnested-externs -Wformat-security -Wformat-y2k -Winit-self -Wignored-qualifiers -Wold-style-declaration -Wold-style-definition -Wtype-limits -fstack-protector-strong  -I$(SRC_PATH)/capstone/include
LDFLAGS           -Wl,--warn-common -lxenctrl -lxenstore -lxenguest -lxenforeignmemory -lxengnttab -lxenevtchn -lxendevicemodel -Wl,-z,relro -Wl,-z,now -pie -m64 -g 
make              make
install           install
python            python -B
smbd              /usr/sbin/smbd
module support    no
host CPU          x86_64
host big endian   no
target list       x86_64-softmmu
gprof enabled     no
sparse enabled    no
strip binaries    yes
profiler          no
static build      no
SDL support       no 
GTK support       no 
GTK GL support    no
VTE support       no 
TLS priority      NORMAL
GNUTLS support    no
GNUTLS rnd        no
libgcrypt         no
libgcrypt kdf     no
nettle            no 
nettle kdf        no
libtasn1          no
curses support    no
virgl support     no
curl support      no
mingw32 support   no
Audio drivers     oss
Block whitelist (rw) 
Block whitelist (ro) 
VirtFS support    no
Multipath support no
VNC support       yes
VNC SASL support  no
VNC JPEG support  no
VNC PNG support   no
xen support       yes
xen ctrl version  40900
pv dom build      no
brlapi support    no
bluez  support    no
Documentation     no
PIE               yes
vde support       no
netmap support    no
Linux AIO support no
ATTR/XATTR support yes
Install blobs     yes
KVM support       yes
HAX support       no
TCG support       yes
TCG debug enabled no
TCG interpreter   no
RDMA support      no
fdt support       yes
preadv support    yes
fdatasync         yes
madvise           yes
posix_madvise     yes
libcap-ng support no
vhost-net support yes
vhost-scsi support yes
vhost-vsock support yes
vhost-user support yes
Trace backends    log
spice support     no 
rbd support       no
xfsctl support    no
smartcard support no
libusb            no
usb net redir     no
OpenGL support    no
OpenGL dmabufs    no
libiscsi support  no
libnfs support    no
build guest agent yes
QGA VSS support   no
QGA w32 disk info no
QGA MSI support   no
seccomp support   no
coroutine backend ucontext
coroutine pool    yes
debug stack usage no
crypto afalg      no
GlusterFS support no
gcov              gcov
gcov enabled      no
TPM support       yes
libssh2 support   no
TPM passthrough   yes
TPM emulator      yes
QOM debugging     yes
Live block migration yes
lzo support       no
snappy support    no
bzip2 support     no
NUMA host support no
tcmalloc support  no
jemalloc support  no
avx2 optimization yes
replication support yes
VxHS block device no
capstone          git
++ getconf _NPROCESSORS_ONLN
+ make -j6
  GEN     config-host.h
  GEN     qemu-options.def
  GEN     trace/generated-tcg-tracers.h
make[1]: '/home/jenkins/qemu/capstone/libcapstone.a' is up to date.
  GEN     trace/generated-helpers-wrappers.h
	CHK version_gen.h
  GEN     trace/generated-helpers.h
  GEN     trace/generated-helpers.c
  GEN     module_block.h
  GEN     ui/trace.h
  GEN     ui/trace.c
  CC      qga/commands.o
  CC      qga/guest-agent-command-state.o
  CC      qga/main.o
  CC      qga/commands-posix.o
  CC      qga/channel-posix.o
  CC      qga/qapi-generated/qga-qapi-types.o
  CC      qga/qapi-generated/qga-qapi-visit.o
  CC      qga/qapi-generated/qga-qmp-marshal.o
  CC      qmp-introspect.o
  CC      qapi-types.o
  CC      qapi-visit.o
  CC      qapi-event.o
  CC      qapi/qapi-visit-core.o
  CC      qapi/qapi-dealloc-visitor.o
  CC      qapi/qobject-input-visitor.o
  CC      qapi/qobject-output-visitor.o
  CC      qapi/qmp-registry.o
  CC      qapi/qmp-dispatch.o
  CC      qapi/string-input-visitor.o
  CC      qapi/string-output-visitor.o
  CC      qapi/opts-visitor.o
  CC      qapi/qapi-clone-visitor.o
  CC      qapi/qmp-event.o
  CC      qapi/qapi-util.o
  CC      qobject/qnull.o
  CC      qobject/qnum.o
  CC      qobject/qstring.o
  CC      qobject/qdict.o
  CC      qobject/qlist.o
  CC      qobject/qbool.o
  CC      qobject/qlit.o
  CC      qobject/qjson.o
  CC      qobject/qobject.o
  CC      qobject/json-lexer.o
  CC      qobject/json-streamer.o
  CC      qobject/json-parser.o
  CC      trace/control.o
  CC      trace/qmp.o
  CC      util/osdep.o
  CC      util/cutils.o
  CC      util/unicode.o
  CC      util/qemu-timer-common.o
  CC      util/bufferiszero.o
  CC      util/lockcnt.o
  CC      util/aiocb.o
  CC      util/async.o
  CC      util/thread-pool.o
  CC      util/qemu-timer.o
  CC      util/main-loop.o
  CC      util/iohandler.o
  CC      util/aio-posix.o
  CC      util/compatfd.o
  CC      util/event_notifier-posix.o
  CC      util/mmap-alloc.o
  CC      util/oslib-posix.o
  CC      util/qemu-openpty.o
  CC      util/qemu-thread-posix.o
  CC      util/memfd.o
  CC      util/envlist.o
  CC      util/path.o
  CC      util/module.o
  CC      util/host-utils.o
  CC      util/bitmap.o
  CC      util/bitops.o
  CC      util/hbitmap.o
  CC      util/fifo8.o
  CC      util/acl.o
  CC      util/cacheinfo.o
  CC      util/error.o
  CC      util/qemu-error.o
  CC      util/id.o
  CC      util/iov.o
  CC      util/qemu-config.o
  CC      util/qemu-sockets.o
  CC      util/uri.o
  CC      util/notify.o
  CC      util/qemu-option.o
  CC      util/qemu-progress.o
  CC      util/keyval.o
  CC      util/hexdump.o
  CC      util/crc32c.o
  CC      util/uuid.o
  CC      util/throttle.o
  CC      util/getauxval.o
  CC      util/readline.o
  CC      util/rcu.o
  CC      util/qemu-coroutine.o
  CC      util/qemu-coroutine-lock.o
  CC      util/qemu-coroutine-io.o
  CC      util/qemu-coroutine-sleep.o
  CC      util/coroutine-ucontext.o
  CC      util/buffer.o
  CC      util/timed-average.o
  CC      util/base64.o
  CC      util/log.o
  CC      util/pagesize.o
  CC      util/qdist.o
  CC      util/qht.o
  CC      util/range.o
  CC      util/stats64.o
  CC      util/systemd.o
  CC      trace-root.o
  CC      util/trace.o
  CC      crypto/trace.o
  CC      io/trace.o
  CC      migration/trace.o
  CC      block/trace.o
  CC      chardev/trace.o
  CC      hw/block/trace.o
  CC      hw/block/dataplane/trace.o
  CC      hw/char/trace.o
  CC      hw/intc/trace.o
  CC      hw/net/trace.o
  CC      hw/virtio/trace.o
  CC      hw/audio/trace.o
  CC      hw/misc/trace.o
  CC      hw/usb/trace.o
  CC      hw/scsi/trace.o
  CC      hw/nvram/trace.o
  CC      hw/display/trace.o
  CC      hw/input/trace.o
  CC      hw/timer/trace.o
  CC      hw/dma/trace.o
  CC      hw/sparc/trace.o
  CC      hw/sd/trace.o
  CC      hw/isa/trace.o
  CC      hw/mem/trace.o
  CC      hw/i386/trace.o
  CC      hw/i386/xen/trace.o
  CC      hw/9pfs/trace.o
  CC      hw/ppc/trace.o
  CC      hw/pci/trace.o
  CC      hw/s390x/trace.o
  CC      hw/vfio/trace.o
  CC      hw/acpi/trace.o
  CC      hw/arm/trace.o
  CC      hw/alpha/trace.o
  CC      hw/xen/trace.o
  CC      hw/ide/trace.o
  CC      ui/trace.o
  CC      audio/trace.o
  CC      net/trace.o
  CC      target/arm/trace.o
  CC      target/i386/trace.o
  CC      target/mips/trace.o
  CC      target/sparc/trace.o
  CC      target/s390x/trace.o
  CC      target/ppc/trace.o
  CC      qom/trace.o
  CC      linux-user/trace.o
  CC      qapi/trace.o
  CC      accel/tcg/trace.o
  CC      accel/kvm/trace.o
  CC      nbd/trace.o
  CC      scsi/trace.o
  CC      crypto/pbkdf-stub.o
  CC      stubs/arch-query-cpu-def.o
  CC      stubs/arch-query-cpu-model-expansion.o
  CC      stubs/arch-query-cpu-model-comparison.o
  CC      stubs/arch-query-cpu-model-baseline.o
  CC      stubs/bdrv-next-monitor-owned.o
  CC      stubs/blk-commit-all.o
  CC      stubs/blockdev-close-all-bdrv-states.o
  CC      stubs/clock-warp.o
  CC      stubs/cpu-get-clock.o
  CC      stubs/cpu-get-icount.o
  CC      stubs/dump.o
  CC      stubs/error-printf.o
  CC      stubs/fdset.o
  CC      stubs/gdbstub.o
  CC      stubs/get-vm-name.o
  CC      stubs/iothread.o
  CC      stubs/iothread-lock.o
  CC      stubs/is-daemonized.o
  CC      stubs/machine-init-done.o
  CC      stubs/migr-blocker.o
  CC      stubs/change-state-handler.o
  CC      stubs/monitor.o
  CC      stubs/notify-event.o
  CC      stubs/qtest.o
  CC      stubs/replay.o
  CC      stubs/runstate-check.o
  CC      stubs/set-fd-handler.o
  CC      stubs/slirp.o
  CC      stubs/sysbus.o
  CC      stubs/tpm.o
  CC      stubs/trace-control.o
  CC      stubs/uuid.o
  CC      stubs/vm-stop.o
  CC      stubs/vmstate.o
  CC      stubs/qmp_pc_dimm.o
  CC      stubs/target-monitor-defs.o
  CC      stubs/target-get-monitor-def.o
  CC      stubs/pc_madt_cpu_entry.o
  CC      stubs/vmgenid.o
  CC      stubs/xen-common.o
  CC      stubs/xen-hvm.o
  CC      stubs/pci-host-piix.o
  CC      contrib/ivshmem-client/ivshmem-client.o
  CC      contrib/ivshmem-client/main.o
  CC      contrib/ivshmem-server/ivshmem-server.o
  CC      contrib/ivshmem-server/main.o
  CC      qemu-nbd.o
  CC      block.o
  CC      blockjob.o
  CC      qemu-io-cmds.o
  CC      replication.o
  CC      block/raw-format.o
  CC      block/qcow.o
  CC      block/vdi.o
  CC      block/vmdk.o
  CC      block/cloop.o
  CC      block/bochs.o
  CC      block/vpc.o
  CC      block/vvfat.o
  CC      block/dmg.o
  CC      block/qcow2.o
  CC      block/qcow2-refcount.o
  CC      block/qcow2-cluster.o
  CC      block/qcow2-snapshot.o
  CC      block/qcow2-cache.o
  CC      block/qcow2-bitmap.o
  CC      block/qed.o
  CC      block/qed-l2-cache.o
  CC      block/qed-table.o
  CC      block/qed-cluster.o
  CC      block/qed-check.o
  CC      block/vhdx.o
  CC      block/vhdx-endian.o
  CC      block/vhdx-log.o
  CC      block/quorum.o
  CC      block/parallels.o
  CC      block/blkdebug.o
  CC      block/blkverify.o
  CC      block/blkreplay.o
  CC      block/block-backend.o
  CC      block/snapshot.o
  CC      block/qapi.o
  CC      block/file-posix.o
  CC      block/null.o
  CC      block/mirror.o
  CC      block/commit.o
  CC      block/io.o
  CC      block/throttle-groups.o
  CC      block/nbd.o
  CC      block/nbd-client.o
  CC      block/sheepdog.o
  CC      block/accounting.o
  CC      block/dirty-bitmap.o
  CC      block/write-threshold.o
  CC      block/backup.o
  CC      block/replication.o
  CC      block/throttle.o
  CC      block/crypto.o
  CC      nbd/server.o
  CC      nbd/client.o
  CC      nbd/common.o
  CC      scsi/utils.o
  CC      scsi/pr-manager.o
  CC      scsi/pr-manager-helper.o
  CC      crypto/init.o
  CC      crypto/hash.o
  CC      crypto/hash-glib.o
  CC      crypto/hmac.o
  CC      crypto/hmac-glib.o
  CC      crypto/aes.o
  CC      crypto/desrfb.o
  CC      crypto/cipher.o
  CC      crypto/tlscredsanon.o
  CC      crypto/tlscreds.o
  CC      crypto/tlscredsx509.o
  CC      crypto/tlssession.o
  CC      crypto/secret.o
  CC      crypto/random-platform.o
  CC      crypto/pbkdf.o
  CC      crypto/ivgen.o
  CC      crypto/ivgen-essiv.o
  CC      crypto/ivgen-plain.o
  CC      crypto/ivgen-plain64.o
  CC      crypto/afsplit.o
  CC      crypto/xts.o
  CC      crypto/block.o
  CC      crypto/block-qcow.o
  CC      crypto/block-luks.o
  CC      io/channel.o
  CC      io/channel-buffer.o
  CC      io/channel-command.o
  CC      io/channel-file.o
  CC      io/channel-socket.o
  CC      io/channel-tls.o
  CC      io/channel-watch.o
  CC      io/channel-websock.o
  CC      io/channel-util.o
  CC      io/dns-resolver.o
  CC      io/task.o
  CC      qom/object.o
  CC      qom/container.o
  CC      qom/qom-qobject.o
  CC      qom/object_interfaces.o
  GEN     qemu-img-cmds.h
  CC      qemu-io.o
  CC      scsi/qemu-pr-helper.o
  CC      qemu-bridge-helper.o
  CC      blockdev.o
  CC      blockdev-nbd.o
  CC      bootdevice.o
  CC      iothread.o
  CC      qdev-monitor.o
  CC      device-hotplug.o
  CC      os-posix.o
  CC      bt-host.o
  CC      bt-vhci.o
  CC      dma-helpers.o
  CC      vl.o
  CC      tpm.o
  CC      device_tree.o
  CC      qmp-marshal.o
  CC      qmp.o
  CC      hmp.o
  CC      cpus-common.o
  CC      audio/audio.o
  CC      audio/noaudio.o
  CC      audio/wavaudio.o
  CC      audio/mixeng.o
  CC      audio/ossaudio.o
  CC      audio/wavcapture.o
  CC      backends/rng.o
  CC      backends/rng-egd.o
  CC      backends/rng-random.o
  CC      backends/tpm.o
  CC      backends/hostmem.o
  CC      backends/hostmem-ram.o
  CC      backends/hostmem-file.o
  CC      backends/cryptodev.o
  CC      backends/cryptodev-builtin.o
  CC      block/stream.o
  CC      chardev/msmouse.o
  CC      chardev/wctablet.o
  CC      chardev/testdev.o
  CC      disas/i386.o
  CC      fsdev/qemu-fsdev-dummy.o
  CC      fsdev/qemu-fsdev-opts.o
  CC      fsdev/qemu-fsdev-throttle.o
  CC      hw/acpi/core.o
  CC      hw/acpi/piix4.o
  CC      hw/acpi/pcihp.o
  CC      hw/acpi/ich9.o
  CC      hw/acpi/tco.o
  CC      hw/acpi/cpu_hotplug.o
  CC      hw/acpi/memory_hotplug.o
  CC      hw/acpi/nvdimm.o
  CC      hw/acpi/cpu.o
  CC      hw/acpi/vmgenid.o
  CC      hw/acpi/acpi_interface.o
  CC      hw/acpi/bios-linker-loader.o
  CC      hw/acpi/aml-build.o
  CC      hw/acpi/ipmi.o
  CC      hw/acpi/acpi-stub.o
  CC      hw/acpi/ipmi-stub.o
  CC      hw/audio/sb16.o
  CC      hw/audio/es1370.o
  CC      hw/audio/ac97.o
  CC      hw/audio/fmopl.o
  CC      hw/audio/adlib.o
  CC      hw/audio/gus.o
  CC      hw/audio/gusemu_hal.o
  CC      hw/audio/gusemu_mixer.o
  CC      hw/audio/cs4231a.o
  CC      hw/audio/intel-hda.o
  CC      hw/audio/hda-codec.o
  CC      hw/audio/pcspk.o
  CC      hw/audio/soundhw.o
  CC      hw/block/block.o
  CC      hw/block/cdrom.o
  CC      hw/block/hd-geometry.o
  CC      hw/block/fdc.o
  CC      hw/block/pflash_cfi01.o
  CC      hw/block/xen_disk.o
  CC      hw/block/nvme.o
  CC      hw/bt/core.o
  CC      hw/bt/l2cap.o
  CC      hw/bt/sdp.o
  CC      hw/bt/hci.o
  CC      hw/bt/hid.o
  CC      hw/bt/hci-csr.o
  CC      hw/char/ipoctal232.o
  CC      hw/char/parallel.o
  CC      hw/char/serial.o
  CC      hw/char/serial-isa.o
  CC      hw/char/serial-pci.o
  CC      hw/char/virtio-console.o
  CC      hw/char/xen_console.o
  CC      hw/char/debugcon.o
  CC      hw/core/qdev.o
  CC      hw/core/qdev-properties.o
  CC      hw/core/bus.o
  CC      hw/core/reset.o
  CC      hw/core/fw-path-provider.o
  CC      hw/core/irq.o
  CC      hw/core/hotplug.o
  CC      hw/core/nmi.o
  CC      hw/core/sysbus.o
  CC      hw/core/machine.o
  CC      hw/core/loader.o
  CC      hw/core/register.o
  CC      hw/core/qdev-properties-system.o
  CC      hw/core/or-irq.o
  CC      hw/cpu/core.o
  CC      hw/display/cirrus_vga.o
  CC      hw/display/xenfb.o
  CC      hw/display/vga-pci.o
  CC      hw/display/vga-isa.o
  CC      hw/display/vmware_vga.o
  CC      hw/dma/i8257.o
  CC      hw/i2c/core.o
  CC      hw/i2c/smbus.o
  CC      hw/i2c/smbus_eeprom.o
  CC      hw/i2c/smbus_ich9.o
  CC      hw/i2c/pm_smbus.o
  CC      hw/ide/core.o
  CC      hw/ide/atapi.o
  CC      hw/ide/qdev.o
  CC      hw/ide/pci.o
  CC      hw/ide/isa.o
  CC      hw/ide/piix.o
  CC      hw/ide/ahci.o
  CC      hw/ide/ich.o
  CC      hw/input/hid.o
  CC      hw/input/pckbd.o
  CC      hw/input/ps2.o
  CC      hw/input/vmmouse.o
  CC      hw/input/virtio-input.o
  CC      hw/input/virtio-input-hid.o
  CC      hw/input/virtio-input-host.o
  CC      hw/intc/i8259_common.o
  CC      hw/intc/i8259.o
  CC      hw/intc/ioapic_common.o
  CC      hw/intc/intc.o
  CC      hw/ipack/ipack.o
  CC      hw/ipack/tpci200.o
  CC      hw/ipmi/ipmi.o
  CC      hw/ipmi/ipmi_bmc_sim.o
  CC      hw/ipmi/ipmi_bmc_extern.o
  CC      hw/ipmi/isa_ipmi_kcs.o
  CC      hw/ipmi/isa_ipmi_bt.o
  CC      hw/isa/isa-bus.o
  CC      hw/isa/apm.o
  CC      hw/mem/pc-dimm.o
  CC      hw/mem/nvdimm.o
  CC      hw/misc/applesmc.o
  CC      hw/misc/debugexit.o
  CC      hw/misc/sga.o
  CC      hw/misc/pc-testdev.o
  CC      hw/misc/pci-testdev.o
  CC      hw/misc/edu.o
  CC      hw/misc/unimp.o
  CC      hw/misc/vmcoreinfo.o
  CC      hw/net/xen_nic.o
  CC      hw/net/ne2000.o
  CC      hw/net/eepro100.o
  CC      hw/net/pcnet-pci.o
  CC      hw/net/pcnet.o
  CC      hw/net/e1000.o
  CC      hw/net/e1000x_common.o
  CC      hw/net/net_tx_pkt.o
  CC      hw/net/net_rx_pkt.o
  CC      hw/net/e1000e.o
  CC      hw/net/e1000e_core.o
  CC      hw/net/rtl8139.o
  CC      hw/net/vmxnet3.o
  CC      hw/net/ne2000-isa.o
  CC      hw/net/rocker/rocker.o
  CC      hw/net/rocker/rocker_fp.o
  CC      hw/net/rocker/rocker_desc.o
  CC      hw/net/rocker/rocker_world.o
  CC      hw/net/rocker/rocker_of_dpa.o
  CC      hw/nvram/eeprom93xx.o
  CC      hw/nvram/fw_cfg.o
  CC      hw/nvram/chrp_nvram.o
  CC      hw/pci-bridge/pci_bridge_dev.o
  CC      hw/pci-bridge/pcie_root_port.o
  CC      hw/pci-bridge/gen_pcie_root_port.o
  CC      hw/pci-bridge/pcie_pci_bridge.o
  CC      hw/pci-bridge/pci_expander_bridge.o
  CC      hw/pci-bridge/xio3130_upstream.o
  CC      hw/pci-bridge/xio3130_downstream.o
  CC      hw/pci-bridge/ioh3420.o
  CC      hw/pci-bridge/i82801b11.o
  CC      hw/pci-host/pam.o
  CC      hw/pci-host/piix.o
  CC      hw/pci-host/q35.o
  CC      hw/pci/pci.o
  CC      hw/pci/pci_bridge.o
  CC      hw/pci/msix.o
  CC      hw/pci/msi.o
  CC      hw/pci/shpc.o
  CC      hw/pci/slotid_cap.o
  CC      hw/pci/pci_host.o
  CC      hw/pci/pcie_host.o
  CC      hw/pci/pcie.o
  CC      hw/pci/pcie_aer.o
  CC      hw/pci/pcie_port.o
  CC      hw/pci/pci-stub.o
  CC      hw/pcmcia/pcmcia.o
  CC      hw/scsi/scsi-disk.o
  CC      hw/scsi/scsi-generic.o
  CC      hw/scsi/scsi-bus.o
  CC      hw/scsi/lsi53c895a.o
  CC      hw/scsi/mptsas.o
  CC      hw/scsi/mptconfig.o
  CC      hw/scsi/mptendian.o
  CC      hw/scsi/megasas.o
  CC      hw/scsi/vmw_pvscsi.o
  CC      hw/scsi/esp.o
  CC      hw/scsi/esp-pci.o
  CC      hw/sd/sd.o
  CC      hw/sd/core.o
  CC      hw/sd/sdhci.o
  CC      hw/smbios/smbios.o
  CC      hw/smbios/smbios_type_38.o
  CC      hw/smbios/smbios-stub.o
  CC      hw/timer/hpet.o
  CC      hw/timer/i8254_common.o
  CC      hw/timer/i8254.o
  CC      hw/tpm/tpm_tis.o
  CC      hw/tpm/tpm_passthrough.o
  CC      hw/tpm/tpm_util.o
  CC      hw/tpm/tpm_emulator.o
  CC      hw/usb/core.o
  CC      hw/usb/combined-packet.o
  CC      hw/usb/bus.o
  CC      hw/usb/libhw.o
  CC      hw/usb/desc.o
  CC      hw/usb/desc-msos.o
  CC      hw/usb/hcd-uhci.o
  CC      hw/usb/hcd-ohci.o
  CC      hw/usb/hcd-ehci.o
  CC      hw/usb/hcd-ehci-pci.o
  CC      hw/usb/hcd-xhci.o
  CC      hw/usb/hcd-xhci-nec.o
  CC      hw/usb/dev-hub.o
  CC      hw/usb/dev-hid.o
  CC      hw/usb/dev-wacom.o
  CC      hw/usb/dev-storage.o
  CC      hw/usb/dev-uas.o
  CC      hw/usb/dev-audio.o
  CC      hw/usb/dev-serial.o
  CC      hw/usb/dev-network.o
  CC      hw/usb/dev-bluetooth.o
  CC      hw/usb/dev-smartcard-reader.o
  CC      hw/usb/dev-mtp.o
  CC      hw/usb/host-stub.o
  CC      hw/virtio/virtio-rng.o
  CC      hw/virtio/virtio-pci.o
  CC      hw/virtio/virtio-bus.o
  CC      hw/virtio/virtio-mmio.o
  CC      hw/virtio/vhost-stub.o
  CC      hw/watchdog/watchdog.o
  CC      hw/watchdog/wdt_i6300esb.o
  CC      hw/watchdog/wdt_ib700.o
  CC      hw/xen/xen_backend.o
  CC      hw/xen/xen_devconfig.o
  CC      hw/xen/xen_pvdev.o
  CC      hw/xen/xen-common.o
  CC      migration/migration.o
  CC      migration/socket.o
  CC      migration/fd.o
  CC      migration/exec.o
  CC      migration/tls.o
  CC      migration/channel.o
  CC      migration/savevm.o
  CC      migration/colo-comm.o
  CC      migration/colo.o
  CC      migration/colo-failover.o
  CC      migration/vmstate.o
  CC      migration/vmstate-types.o
  CC      migration/page_cache.o
  CC      migration/qemu-file.o
  CC      migration/global_state.o
  CC      migration/qemu-file-channel.o
  CC      migration/xbzrle.o
  CC      migration/postcopy-ram.o
  CC      migration/qjson.o
  CC      migration/block.o
  CC      net/net.o
  CC      net/queue.o
  CC      net/checksum.o
  CC      net/util.o
  CC      net/hub.o
  CC      net/socket.o
  CC      net/dump.o
  CC      net/eth.o
  CC      net/l2tpv3.o
  CC      net/vhost-user.o
  CC      net/slirp.o
  CC      net/filter.o
  CC      net/filter-buffer.o
  CC      net/filter-mirror.o
  CC      net/colo-compare.o
  CC      net/colo.o
  CC      net/filter-rewriter.o
  CC      net/filter-replay.o
  CC      net/tap.o
  CC      net/tap-linux.o
  CC      qom/cpu.o
  CC      replay/replay.o
  CC      replay/replay-internal.o
  CC      replay/replay-events.o
  CC      replay/replay-time.o
  CC      replay/replay-input.o
  CC      replay/replay-char.o
  CC      replay/replay-snapshot.o
  CC      replay/replay-net.o
  CC      replay/replay-audio.o
  CC      slirp/cksum.o
  CC      slirp/if.o
  CC      slirp/ip_icmp.o
  CC      slirp/ip6_icmp.o
  CC      slirp/ip6_input.o
  CC      slirp/ip6_output.o
  CC      slirp/ip_input.o
  CC      slirp/ip_output.o
  CC      slirp/dnssearch.o
  CC      slirp/dhcpv6.o
  CC      slirp/slirp.o
  CC      slirp/mbuf.o
  CC      slirp/misc.o
  CC      slirp/sbuf.o
  CC      slirp/socket.o
  CC      slirp/tcp_input.o
  CC      slirp/tcp_output.o
  CC      slirp/tcp_subr.o
  CC      slirp/tcp_timer.o
  CC      slirp/udp.o
  CC      slirp/udp6.o
  CC      slirp/bootp.o
  CC      slirp/tftp.o
  CC      slirp/arp_table.o
  CC      slirp/ndp_table.o
  CC      slirp/ncsi.o
  CC      ui/keymaps.o
  CC      ui/console.o
  CC      ui/cursor.o
  CC      ui/qemu-pixman.o
  CC      ui/input.o
  CC      ui/input-keymap.o
  CC      ui/input-legacy.o
  CC      ui/vnc.o
  CC      ui/input-linux.o
  CC      ui/vnc-enc-zlib.o
  CC      ui/vnc-enc-hextile.o
  CC      ui/vnc-enc-tight.o
  CC      ui/vnc-palette.o
  CC      ui/vnc-enc-zrle.o
  CC      ui/vnc-auth-vencrypt.o
  CC      ui/vnc-ws.o
  CC      ui/vnc-jobs.o
  CC      chardev/char.o
  CC      chardev/char-fd.o
  CC      chardev/char-fe.o
  CC      chardev/char-file.o
  CC      chardev/char-io.o
  CC      chardev/char-mux.o
  CC      chardev/char-null.o
  CC      chardev/char-parallel.o
  CC      chardev/char-pipe.o
  CC      chardev/char-pty.o
  CC      chardev/char-ringbuf.o
  CC      chardev/char-serial.o
  CC      chardev/char-socket.o
  CC      chardev/char-stdio.o
  CC      chardev/char-udp.o
  AR      libqemuutil.a
  CC      qemu-img.o
  LINK    qemu-ga
  LINK    ivshmem-client
  LINK    ivshmem-server
  LINK    qemu-nbd
  LINK    qemu-io
  LINK    scsi/qemu-pr-helper
  LINK    qemu-bridge-helper
  GEN     x86_64-softmmu/config-target.h
  GEN     x86_64-softmmu/hmp-commands.h
  GEN     x86_64-softmmu/hmp-commands-info.h
  CC      x86_64-softmmu/tcg/tcg.o
  CC      x86_64-softmmu/exec.o
  CC      x86_64-softmmu/tcg/optimize.o
  CC      x86_64-softmmu/tcg/tcg-op.o
  CC      x86_64-softmmu/tcg/tcg-common.o
  CC      x86_64-softmmu/fpu/softfloat.o
  CC      x86_64-softmmu/disas.o
  CC      x86_64-softmmu/gdbstub-xml.o
  CC      x86_64-softmmu/arch_init.o
  CC      x86_64-softmmu/cpus.o
  CC      x86_64-softmmu/monitor.o
  CC      x86_64-softmmu/gdbstub.o
  CC      x86_64-softmmu/balloon.o
  CC      x86_64-softmmu/ioport.o
  CC      x86_64-softmmu/numa.o
  CC      x86_64-softmmu/qtest.o
  CC      x86_64-softmmu/memory.o
  CC      x86_64-softmmu/memory_mapping.o
  CC      x86_64-softmmu/dump.o
  CC      x86_64-softmmu/migration/ram.o
  CC      x86_64-softmmu/accel/accel.o
  CC      x86_64-softmmu/accel/kvm/kvm-all.o
  CC      x86_64-softmmu/accel/stubs/hax-stub.o
  CC      x86_64-softmmu/accel/tcg/tcg-all.o
  CC      x86_64-softmmu/accel/tcg/cputlb.o
  CC      x86_64-softmmu/accel/tcg/tcg-runtime.o
  CC      x86_64-softmmu/accel/tcg/cpu-exec.o
  CC      x86_64-softmmu/accel/tcg/cpu-exec-common.o
  CC      x86_64-softmmu/accel/tcg/translate-all.o
  CC      x86_64-softmmu/accel/tcg/translator.o
  CC      x86_64-softmmu/hw/block/virtio-blk.o
  CC      x86_64-softmmu/hw/block/dataplane/virtio-blk.o
  CC      x86_64-softmmu/hw/char/virtio-serial-bus.o
  CC      x86_64-softmmu/hw/core/generic-loader.o
  CC      x86_64-softmmu/hw/core/null-machine.o
  CC      x86_64-softmmu/hw/display/vga.o
  CC      x86_64-softmmu/hw/display/virtio-gpu.o
  CC      x86_64-softmmu/hw/display/virtio-gpu-3d.o
  CC      x86_64-softmmu/hw/display/virtio-gpu-pci.o
  CC      x86_64-softmmu/hw/display/virtio-vga.o
  CC      x86_64-softmmu/hw/intc/apic.o
  CC      x86_64-softmmu/hw/intc/apic_common.o
  CC      x86_64-softmmu/hw/intc/ioapic.o
  CC      x86_64-softmmu/hw/isa/lpc_ich9.o
  CC      x86_64-softmmu/hw/misc/vmport.o
  CC      x86_64-softmmu/hw/misc/ivshmem.o
  CC      x86_64-softmmu/hw/misc/pvpanic.o
  CC      x86_64-softmmu/hw/misc/hyperv_testdev.o
  CC      x86_64-softmmu/hw/misc/mmio_interface.o
  CC      x86_64-softmmu/hw/net/virtio-net.o
  CC      x86_64-softmmu/hw/net/vhost_net.o
  CC      x86_64-softmmu/hw/scsi/virtio-scsi.o
  CC      x86_64-softmmu/hw/scsi/virtio-scsi-dataplane.o
  CC      x86_64-softmmu/hw/scsi/vhost-scsi-common.o
  CC      x86_64-softmmu/hw/scsi/vhost-scsi.o
  CC      x86_64-softmmu/hw/scsi/vhost-user-scsi.o
  CC      x86_64-softmmu/hw/timer/mc146818rtc.o
  CC      x86_64-softmmu/hw/vfio/common.o
  CC      x86_64-softmmu/hw/vfio/pci.o
  CC      x86_64-softmmu/hw/vfio/pci-quirks.o
  CC      x86_64-softmmu/hw/vfio/platform.o
  CC      x86_64-softmmu/hw/vfio/spapr.o
  CC      x86_64-softmmu/hw/virtio/virtio.o
  CC      x86_64-softmmu/hw/virtio/virtio-balloon.o
  CC      x86_64-softmmu/hw/virtio/vhost.o
  CC      x86_64-softmmu/hw/virtio/vhost-backend.o
  CC      x86_64-softmmu/hw/virtio/vhost-user.o
  CC      x86_64-softmmu/hw/virtio/vhost-vsock.o
  CC      x86_64-softmmu/hw/virtio/virtio-crypto.o
  CC      x86_64-softmmu/hw/virtio/virtio-crypto-pci.o
  CC      x86_64-softmmu/hw/xen/xen-host-pci-device.o
  CC      x86_64-softmmu/hw/xen/xen_pt.o
  CC      x86_64-softmmu/hw/xen/xen_pt_config_init.o
  CC      x86_64-softmmu/hw/xen/xen_pt_graphics.o
  CC      x86_64-softmmu/hw/xen/xen_pt_msi.o
  CC      x86_64-softmmu/hw/xen/xen_pt_load_rom.o
  CC      x86_64-softmmu/hw/i386/multiboot.o
  CC      x86_64-softmmu/hw/i386/pc.o
  CC      x86_64-softmmu/hw/i386/pc_piix.o
  CC      x86_64-softmmu/hw/i386/pc_q35.o
  CC      x86_64-softmmu/hw/i386/pc_sysfw.o
  CC      x86_64-softmmu/hw/i386/x86-iommu.o
  CC      x86_64-softmmu/hw/i386/intel_iommu.o
  CC      x86_64-softmmu/hw/i386/amd_iommu.o
  CC      x86_64-softmmu/hw/i386/kvmvapic.o
  CC      x86_64-softmmu/hw/i386/acpi-build.o
  CC      x86_64-softmmu/hw/i386/../xenpv/xen_machine_pv.o
  CC      x86_64-softmmu/hw/i386/kvm/clock.o
  CC      x86_64-softmmu/hw/i386/kvm/apic.o
  CC      x86_64-softmmu/hw/i386/kvm/i8259.o
  CC      x86_64-softmmu/hw/i386/kvm/ioapic.o
  CC      x86_64-softmmu/hw/i386/kvm/i8254.o
  CC      x86_64-softmmu/hw/i386/xen/xen_platform.o
  CC      x86_64-softmmu/hw/i386/xen/xen_apic.o
  CC      x86_64-softmmu/hw/i386/xen/xen_pvdevice.o
  CC      x86_64-softmmu/hw/i386/xen/xen-hvm.o
  CC      x86_64-softmmu/hw/i386/xen/xen-mapcache.o
  CC      x86_64-softmmu/target/i386/helper.o
  CC      x86_64-softmmu/target/i386/cpu.o
  CC      x86_64-softmmu/target/i386/gdbstub.o
  CC      x86_64-softmmu/target/i386/xsave_helper.o
  CC      x86_64-softmmu/target/i386/translate.o
  CC      x86_64-softmmu/target/i386/bpt_helper.o
  CC      x86_64-softmmu/target/i386/cc_helper.o
  CC      x86_64-softmmu/target/i386/excp_helper.o
  CC      x86_64-softmmu/target/i386/fpu_helper.o
  CC      x86_64-softmmu/target/i386/int_helper.o
  CC      x86_64-softmmu/target/i386/mem_helper.o
  CC      x86_64-softmmu/target/i386/misc_helper.o
  CC      x86_64-softmmu/target/i386/mpx_helper.o
  CC      x86_64-softmmu/target/i386/seg_helper.o
  CC      x86_64-softmmu/target/i386/smm_helper.o
  CC      x86_64-softmmu/target/i386/svm_helper.o
  CC      x86_64-softmmu/target/i386/machine.o
  CC      x86_64-softmmu/target/i386/arch_memory_mapping.o
  CC      x86_64-softmmu/target/i386/arch_dump.o
  CC      x86_64-softmmu/target/i386/monitor.o
  CC      x86_64-softmmu/target/i386/kvm.o
  CC      x86_64-softmmu/target/i386/hyperv.o
  GEN     trace/generated-helpers.c
  CC      x86_64-softmmu/trace/control-target.o
  CC      x86_64-softmmu/trace/generated-helpers.o
  LINK    qemu-img
  LINK    x86_64-softmmu/qemu-system-x86_64
++ getconf _NPROCESSORS_ONLN
+ sudo make -j6 install
make[1]: '/home/jenkins/qemu/capstone/libcapstone.a' is up to date.
	CHK version_gen.h
install -d -m 0755 "/usr/share/qemu"
install -d -m 0755 "/usr/var"/run
install -d -m 0755 "/usr/bin"
install -c -m 0755 qemu-ga ivshmem-client ivshmem-server qemu-nbd qemu-img qemu-io  scsi/qemu-pr-helper "/usr/bin"
strip "/usr/bin/qemu-ga" "/usr/bin/ivshmem-client" "/usr/bin/ivshmem-server" "/usr/bin/qemu-nbd" "/usr/bin/qemu-img" "/usr/bin/qemu-io" "/usr/bin/qemu-pr-helper"
install -d -m 0755 "/usr/libexec"
install -c -m 0755 qemu-bridge-helper "/usr/libexec"
strip "/usr/libexec/qemu-bridge-helper"
set -e; for x in bios.bin bios-256k.bin sgabios.bin vgabios.bin vgabios-cirrus.bin vgabios-stdvga.bin vgabios-vmware.bin vgabios-qxl.bin vgabios-virtio.bin acpi-dsdt.aml ppc_rom.bin openbios-sparc32 openbios-sparc64 openbios-ppc QEMU,tcx.bin QEMU,cgthree.bin pxe-e1000.rom pxe-eepro100.rom pxe-ne2k_pci.rom pxe-pcnet.rom pxe-rtl8139.rom pxe-virtio.rom efi-e1000.rom efi-eepro100.rom efi-ne2k_pci.rom efi-pcnet.rom efi-rtl8139.rom efi-virtio.rom efi-e1000e.rom efi-vmxnet3.rom qemu-icon.bmp qemu_logo_no_text.svg bamboo.dtb petalogix-s3adsp1800.dtb petalogix-ml605.dtb multiboot.bin linuxboot.bin linuxboot_dma.bin kvmvapic.bin s390-ccw.img s390-netboot.img spapr-rtas.bin slof.bin skiboot.lid palcode-clipper u-boot.e500 qemu_vga.ndrv; do \
	install -c -m 0644 /home/jenkins/qemu/pc-bios/$x "/usr/share/qemu"; \
done
install -d -m 0755 "/usr/share/qemu/keymaps"
set -e; for x in da     en-gb  et  fr     fr-ch  is  lt  modifiers  no  pt-br  sv ar      de     en-us  fi  fr-be  hr     it  lv  nl         pl  ru     th common  de-ch  es     fo  fr-ca  hu     ja  mk  nl-be      pt  sl     tr bepo    cz; do \
	install -c -m 0644 /home/jenkins/qemu/pc-bios/keymaps/$x "/usr/share/qemu/keymaps"; \
done
install -c -m 0644 /home/jenkins/qemu/trace-events-all "/usr/share/qemu/trace-events-all"
for d in x86_64-softmmu; do \
make --no-print-directory BUILD_DIR=/home/jenkins/qemu TARGET_DIR=$d/ -C $d install || exit 1 ; \
        done
install -d -m 0755 "/usr/bin"
install -c -m 0755 qemu-system-x86_64  "/usr/bin"
strip "/usr/bin/qemu-system-x86_64"
+ echo v2.11.1
+ exit 0
