+ cd /var/lib/jenkins
+ ./checkresourceprovisioned.new.sh sosmachine1
+ set -e
+ ping -c 1 sosmachine1
+ ssh -q -o PasswordAuthentication=no -o StrictHostKeyChecking=no jenkins@sosmachine1 'test ! -f checkfornewkerneltag.sh'
+ '[' 255 -eq 1 ']'
+ ssh-keygen -R sosmachine1
+ ssh -q -o PasswordAuthentication=no -o StrictHostKeyChecking=no root@sosmachine1 :
+ ./ssh-copy-id.expect root@sosmachine1
spawn ssh-copy-id -o StrictHostKeyChecking=no root@sosmachine1
/bin/ssh-copy-id: INFO: Source of key(s) to be installed: "/var/lib/jenkins/.ssh/id_rsa.pub"
/bin/ssh-copy-id: INFO: attempting to log in with the new key(s), to filter out any that are already installed
/bin/ssh-copy-id: INFO: 1 key(s) remain to be installed -- if you are prompted now it is to install the new keys
root@sosmachine1's password: 

Number of key(s) added: 1

Now try logging into the machine, with:   "ssh -o 'StrictHostKeyChecking=no' 'root@sosmachine1'"
and check to make sure that only the key(s) you wanted were added.

+ scp what_distro.sh root@sosmachine1:
++ ./what_distro.sh root@./checkresourceprovisioned.new.sh
+ distro='failed to ID distro'
