2018-06-07 16:47:50,314 extension        L0189 DEBUG| found extension EntryPoint.parse('journal = avocado.plugins.journal:JournalResult')
2018-06-07 16:47:50,314 extension        L0189 DEBUG| found extension EntryPoint.parse('tap = avocado.plugins.tap:TAPResult')
2018-06-07 16:47:50,315 extension        L0189 DEBUG| found extension EntryPoint.parse('human = avocado.plugins.human:Human')
2018-06-07 16:47:50,315 extension        L0189 DEBUG| found extension EntryPoint.parse('vt-joblock = avocado_vt.plugins.vt_joblock:VTJobLock')
2018-06-07 16:47:50,316 extension        L0189 DEBUG| found extension EntryPoint.parse('teststmpdir = avocado.plugins.teststmpdir:TestsTmpDir')
2018-06-07 16:47:50,317 extension        L0189 DEBUG| found extension EntryPoint.parse('jobscripts = avocado.plugins.jobscripts:JobScripts')
2018-06-07 16:47:50,317 extension        L0189 DEBUG| found extension EntryPoint.parse('human = avocado.plugins.human:HumanJob')
2018-06-07 16:47:51,179 extension        L0189 DEBUG| found extension EntryPoint.parse('yaml_to_mux = avocado_varianter_yaml_to_mux:YamlToMux')
2018-06-07 16:47:51,180 sysinfo          L0392 DEBUG| File /etc/avocado/sysinfo/commands does not exist.
2018-06-07 16:47:51,180 sysinfo          L0403 DEBUG| File /etc/avocado/sysinfo/files does not exist.
2018-06-07 16:47:51,180 sysinfo          L0430 DEBUG| File /etc/avocado/sysinfo/profilers does not exist.
2018-06-07 16:47:51,194 job              L0327 INFO | Command line: /usr/local/bin/avocado run --force-job-id 98835102396517e3e627cbeb08fa1f81f7b14524 --json - --archive type_specific.io-github-autotest-qemu.hello_world
2018-06-07 16:47:51,195 job              L0328 INFO | 
2018-06-07 16:47:51,195 job              L0362 INFO | Avocado version: 58.0
2018-06-07 16:47:51,195 job              L0363 INFO | 
2018-06-07 16:47:51,195 job              L0367 INFO | Config files read (in order):
2018-06-07 16:47:51,195 job              L0369 INFO | /usr/local/lib/python2.7/dist-packages/avocado_framework-58.0-py2.7.egg/avocado/etc/avocado/avocado.conf
2018-06-07 16:47:51,195 job              L0369 INFO | /usr/local/lib/python2.7/dist-packages/avocado_framework-58.0-py2.7.egg/avocado/etc/avocado/conf.d/resultsdb.conf
2018-06-07 16:47:51,195 job              L0369 INFO | /usr/local/lib/python2.7/dist-packages/avocado_framework-58.0-py2.7.egg/avocado/etc/avocado/conf.d/gdb.conf
2018-06-07 16:47:51,195 job              L0369 INFO | /usr/local/lib/python2.7/dist-packages/avocado_framework-58.0-py2.7.egg/avocado/etc/avocado/conf.d/jobscripts.conf
2018-06-07 16:47:51,195 job              L0369 INFO | /usr/local/lib/python2.7/dist-packages/avocado_framework-58.0-py2.7.egg/avocado/etc/avocado/conf.d/result_upload.conf
2018-06-07 16:47:51,195 job              L0369 INFO | /root/.config/avocado/avocado.conf
2018-06-07 16:47:51,196 job              L0374 INFO | 
2018-06-07 16:47:51,196 job              L0376 INFO | Avocado config:
2018-06-07 16:47:51,197 job              L0385 INFO | Section.Key                              Value
2018-06-07 16:47:51,197 job              L0385 INFO | datadir.paths.base_dir                   /var/lib/avocado
2018-06-07 16:47:51,198 job              L0385 INFO | datadir.paths.test_dir                   /usr/share/avocado/tests
2018-06-07 16:47:51,198 job              L0385 INFO | datadir.paths.data_dir                   /var/lib/avocado/data
2018-06-07 16:47:51,198 job              L0385 INFO | datadir.paths.logs_dir                   ~/avocado/job-results
2018-06-07 16:47:51,198 job              L0385 INFO | sysinfo.collect.enabled                  True
2018-06-07 16:47:51,198 job              L0385 INFO | sysinfo.collect.commands_timeout         -1
2018-06-07 16:47:51,198 job              L0385 INFO | sysinfo.collect.installed_packages       False
2018-06-07 16:47:51,198 job              L0385 INFO | sysinfo.collect.profiler                 False
2018-06-07 16:47:51,198 job              L0385 INFO | sysinfo.collect.locale                   C
2018-06-07 16:47:51,198 job              L0385 INFO | sysinfo.collect.per_test                 False
2018-06-07 16:47:51,198 job              L0385 INFO | sysinfo.collectibles.commands            /etc/avocado/sysinfo/commands
2018-06-07 16:47:51,199 job              L0385 INFO | sysinfo.collectibles.files               /etc/avocado/sysinfo/files
2018-06-07 16:47:51,199 job              L0385 INFO | sysinfo.collectibles.profilers           /etc/avocado/sysinfo/profilers
2018-06-07 16:47:51,199 job              L0385 INFO | runner.output.colored                    True
2018-06-07 16:47:51,199 job              L0385 INFO | runner.output.utf8                       
2018-06-07 16:47:51,199 job              L0385 INFO | remoter.behavior.reject_unknown_hosts    False
2018-06-07 16:47:51,199 job              L0385 INFO | remoter.behavior.disable_known_hosts     False
2018-06-07 16:47:51,199 job              L0385 INFO | job.output.loglevel                      debug
2018-06-07 16:47:51,199 job              L0385 INFO | restclient.connection.hostname           localhost
2018-06-07 16:47:51,199 job              L0385 INFO | restclient.connection.port               9405
2018-06-07 16:47:51,199 job              L0385 INFO | restclient.connection.username           
2018-06-07 16:47:51,199 job              L0385 INFO | restclient.connection.password           
2018-06-07 16:47:51,200 job              L0385 INFO | plugins.disable                          []
2018-06-07 16:47:51,200 job              L0385 INFO | plugins.skip_broken_plugin_notification  []
2018-06-07 16:47:51,200 job              L0385 INFO | plugins.loaders                          ['file', '@DEFAULT']
2018-06-07 16:47:51,200 job              L0385 INFO | gdb.paths.gdb                            /usr/bin/gdb
2018-06-07 16:47:51,200 job              L0385 INFO | gdb.paths.gdbserver                      /usr/bin/gdbserver
2018-06-07 16:47:51,200 job              L0385 INFO | plugins.jobscripts.pre                   /etc/avocado/scripts/job/pre.d/
2018-06-07 16:47:51,200 job              L0385 INFO | plugins.jobscripts.post                  /etc/avocado/scripts/job/post.d/
2018-06-07 16:47:51,200 job              L0385 INFO | plugins.jobscripts.warn_non_existing_dir False
2018-06-07 16:47:51,200 job              L0385 INFO | plugins.jobscripts.warn_non_zero_status  True
2018-06-07 16:47:51,200 job              L0386 INFO | 
2018-06-07 16:47:51,200 job              L0389 INFO | Avocado Data Directories:
2018-06-07 16:47:51,201 job              L0390 INFO | 
2018-06-07 16:47:51,201 job              L0391 INFO | base     /var/lib/avocado
2018-06-07 16:47:51,201 job              L0392 INFO | tests    /usr/share/avocado/tests
2018-06-07 16:47:51,201 job              L0393 INFO | data     /var/lib/avocado/data
2018-06-07 16:47:51,202 job              L0394 INFO | logs     /root/avocado/job-results/job-2018-06-07T16.47-9883510
2018-06-07 16:47:51,202 job              L0395 INFO | 
2018-06-07 16:47:51,202 job              L0401 INFO | No variants available, using defaults only
2018-06-07 16:47:51,202 job              L0401 INFO | 
2018-06-07 16:47:51,202 job              L0401 INFO | Variant :    /
2018-06-07 16:47:51,202 job              L0405 INFO | Temporary dir: /var/tmp/avocado_ykYw9w
2018-06-07 16:47:51,202 job              L0406 INFO | 
2018-06-07 16:47:51,202 job              L0319 INFO | Job ID: 98835102396517e3e627cbeb08fa1f81f7b14524
2018-06-07 16:47:51,202 job              L0322 INFO | 
2018-06-07 16:47:51,383 sysinfo          L0392 DEBUG| File /etc/avocado/sysinfo/commands does not exist.
2018-06-07 16:47:51,383 sysinfo          L0403 DEBUG| File /etc/avocado/sysinfo/files does not exist.
2018-06-07 16:47:51,383 sysinfo          L0430 DEBUG| File /etc/avocado/sysinfo/profilers does not exist.
2018-06-07 16:47:51,400 parameters       L0146 DEBUG| PARAMS (key=timeout, path=*, default=None) => None
2018-06-07 16:47:51,400 test             L0382 INFO | START 1-type_specific.io-github-autotest-qemu.hello_world
2018-06-07 16:47:51,622 test             L0286 DEBUG| DATA (filename=output.expected) => NOT FOUND (data sources: variant, test, file)
2018-06-07 16:47:52,078 test             L0281 INFO | Avocado-VT 'unknown'
2018-06-07 16:47:52,078 test             L0283 DEBUG| Test parameters:
2018-06-07 16:47:52,078 test             L0287 DEBUG|     _name_map_file = {'subtests.cfg': '(subtest=type_specific).(subtest=io-github-autotest-qemu).(subtest=hello_world)', 'guest-hw.cfg': 'bridge.default_bios.no_virtio_rng.(image_backend=filesystem).no_9p_export.smallpages.no_pci_assignable.qcow2.virtio_blk.smp2.virtio_net', 'host-os.cfg': 'Host.Host_Ubuntu.m18.u04.Host_arch_x86_64', 'guest-os.cfg': 'Guest.Linux.JeOS.27.x86_64', 'machines.cfg': 'i440fx', 'tests.cfg': 'qemu_kvm_jeos_quick'}
2018-06-07 16:47:52,079 test             L0287 DEBUG|     _short_name_map_file = {'subtests.cfg': 'type_specific.io-github-autotest-qemu.hello_world', 'guest-hw.cfg': 'bridge.default_bios.no_virtio_rng.filesystem.no_9p_export.smallpages.no_pci_assignable.qcow2.virtio_blk.smp2.virtio_net', 'host-os.cfg': 'Host.Host_Ubuntu.m18.u04.Host_arch_x86_64', 'guest-os.cfg': 'Guest.Linux.JeOS.27.x86_64', 'machines.cfg': 'i440fx', 'tests.cfg': 'qemu_kvm_jeos_quick'}
2018-06-07 16:47:52,079 test             L0287 DEBUG|     auto_cpu_model = yes
2018-06-07 16:47:52,079 test             L0287 DEBUG|     backup_dir = images/
2018-06-07 16:47:52,079 test             L0287 DEBUG|     backup_image = no
2018-06-07 16:47:52,079 test             L0287 DEBUG|     backup_image_before_testing = yes
2018-06-07 16:47:52,079 test             L0287 DEBUG|     backup_image_on_check_error = no
2018-06-07 16:47:52,080 test             L0287 DEBUG|     boot_menu = off
2018-06-07 16:47:52,080 test             L0287 DEBUG|     boot_once = c
2018-06-07 16:47:52,080 test             L0287 DEBUG|     boot_order = cdn
2018-06-07 16:47:52,080 test             L0287 DEBUG|     boot_path = images/pxeboot
2018-06-07 16:47:52,080 test             L0287 DEBUG|     catch_monitor = catch_monitor
2018-06-07 16:47:52,080 test             L0287 DEBUG|     cd_format = ide
2018-06-07 16:47:52,080 test             L0287 DEBUG|     cdrom_check_cdrom_pattern = /dev/cdrom-\w+|/dev/cdrom\d*
2018-06-07 16:47:52,080 test             L0287 DEBUG|     cdrom_get_cdrom_cmd = ls /dev/cdrom*
2018-06-07 16:47:52,081 test             L0287 DEBUG|     cdrom_info_cmd = cat /proc/sys/dev/cdrom/info
2018-06-07 16:47:52,081 test             L0287 DEBUG|     cdrom_test_cmd = dd if=%s of=/dev/null bs=1 count=1
2018-06-07 16:47:52,081 test             L0287 DEBUG|     cdroms = cd1
2018-06-07 16:47:52,081 test             L0287 DEBUG|     check_image = yes
2018-06-07 16:47:52,081 test             L0287 DEBUG|     cmds_installed_host = 
2018-06-07 16:47:52,081 test             L0287 DEBUG|     connect_uri = default
2018-06-07 16:47:52,081 test             L0287 DEBUG|     convert_ppm_files_to_png = no
2018-06-07 16:47:52,082 test             L0287 DEBUG|     cpu_chk_cmd = grep -c "^processor\b" /proc/cpuinfo
2018-06-07 16:47:52,082 test             L0287 DEBUG|     cpu_model_flags = 
2018-06-07 16:47:52,082 test             L0287 DEBUG|     dep = []
2018-06-07 16:47:52,082 test             L0287 DEBUG|     display = vnc
2018-06-07 16:47:52,082 test             L0287 DEBUG|     drive_format = virtio
2018-06-07 16:47:52,082 test             L0287 DEBUG|     drive_index_cd1 = 1
2018-06-07 16:47:52,082 test             L0287 DEBUG|     drive_index_image1 = 0
2018-06-07 16:47:52,082 test             L0287 DEBUG|     drive_rerror_image1 = 
2018-06-07 16:47:52,083 test             L0287 DEBUG|     drive_werror_image1 = 
2018-06-07 16:47:52,083 test             L0287 DEBUG|     enable_msix_vectors = yes
2018-06-07 16:47:52,083 test             L0287 DEBUG|     enable_pvpanic = yes
2018-06-07 16:47:52,083 test             L0287 DEBUG|     encode_video_files = yes
2018-06-07 16:47:52,083 test             L0287 DEBUG|     file_transfer_client = scp
2018-06-07 16:47:52,083 test             L0287 DEBUG|     file_transfer_port = 22
2018-06-07 16:47:52,083 test             L0287 DEBUG|     flexible_nic_index = no
2018-06-07 16:47:52,083 test             L0287 DEBUG|     guest_dmesg_ignore = False
2018-06-07 16:47:52,083 test             L0287 DEBUG|     guest_dmesg_level = 3
2018-06-07 16:47:52,084 test             L0287 DEBUG|     guest_port_remote_shell = 22
2018-06-07 16:47:52,084 test             L0287 DEBUG|     id = type_specific.io-github-autotest-qemu.hello_world
2018-06-07 16:47:52,084 test             L0287 DEBUG|     image_backend = filesystem
2018-06-07 16:47:52,084 test             L0287 DEBUG|     image_boot = yes
2018-06-07 16:47:52,084 test             L0287 DEBUG|     image_chain = 
2018-06-07 16:47:52,084 test             L0287 DEBUG|     image_clone_command = cp --reflink=auto %s %s
2018-06-07 16:47:52,084 test             L0287 DEBUG|     image_format = qcow2
2018-06-07 16:47:52,084 test             L0287 DEBUG|     image_name = images/jeos-27-x86_64
2018-06-07 16:47:52,084 test             L0287 DEBUG|     image_raw_device = no
2018-06-07 16:47:52,084 test             L0287 DEBUG|     image_remove_command = rm -rf %s
2018-06-07 16:47:52,085 test             L0287 DEBUG|     image_size = 10G
2018-06-07 16:47:52,085 test             L0287 DEBUG|     image_unbootable_pattern = Hard Disk.*not a bootable disk
2018-06-07 16:47:52,085 test             L0287 DEBUG|     image_verify_bootable = yes
2018-06-07 16:47:52,085 test             L0287 DEBUG|     images = image1
2018-06-07 16:47:52,085 test             L0287 DEBUG|     inactivity_treshold = 1800
2018-06-07 16:47:52,085 test             L0287 DEBUG|     inactivity_watcher = log
2018-06-07 16:47:52,085 test             L0287 DEBUG|     indirect_image_blacklist = /dev/hda[\d]* /dev/sda[\d]* /dev/sg0 /dev/md0
2018-06-07 16:47:52,085 test             L0287 DEBUG|     install_virtio = no
2018-06-07 16:47:52,085 test             L0287 DEBUG|     ioport_pvpanic = 0x505
2018-06-07 16:47:52,085 test             L0287 DEBUG|     keep_ppm_files = no
2018-06-07 16:47:52,086 test             L0287 DEBUG|     keep_ppm_files_on_error = no
2018-06-07 16:47:52,086 test             L0287 DEBUG|     keep_screendumps = yes
2018-06-07 16:47:52,086 test             L0287 DEBUG|     keep_screendumps_on_error = yes
2018-06-07 16:47:52,086 test             L0287 DEBUG|     keep_video_files = yes
2018-06-07 16:47:52,086 test             L0287 DEBUG|     keep_video_files_on_error = yes
2018-06-07 16:47:52,086 test             L0287 DEBUG|     kill_timeout = 60
2018-06-07 16:47:52,086 test             L0287 DEBUG|     kill_unresponsive_vms = yes
2018-06-07 16:47:52,086 test             L0287 DEBUG|     kill_vm = yes
2018-06-07 16:47:52,086 test             L0287 DEBUG|     kill_vm_before_test = no
2018-06-07 16:47:52,086 test             L0287 DEBUG|     kill_vm_gracefully = yes
2018-06-07 16:47:52,087 test             L0287 DEBUG|     local_ip = ENTER.YOUR.LOCAL.EXAMPLE.COM
2018-06-07 16:47:52,087 test             L0287 DEBUG|     local_pwd = 
2018-06-07 16:47:52,087 test             L0287 DEBUG|     login_timeout = 360
2018-06-07 16:47:52,087 test             L0287 DEBUG|     machine_type = pc
2018-06-07 16:47:52,087 test             L0287 DEBUG|     main_vm = avocado-vt-vm1
2018-06-07 16:47:52,087 test             L0287 DEBUG|     malloc_perturb = yes
2018-06-07 16:47:52,087 test             L0287 DEBUG|     mem = 1024
2018-06-07 16:47:52,087 test             L0287 DEBUG|     mem_chk_cmd = dmidecode -t 17 | awk -F: '/Size/ {print $2}'
2018-06-07 16:47:52,087 test             L0287 DEBUG|     mem_chk_cur_cmd = grep MemTotal /proc/meminfo
2018-06-07 16:47:52,087 test             L0287 DEBUG|     mem_chk_re_str = [^\$]([0-9]+)
2018-06-07 16:47:52,088 test             L0287 DEBUG|     memballoon_model = virtio
2018-06-07 16:47:52,088 test             L0287 DEBUG|     migrate_dest_host = ENTER.YOUR.DEST.EXAMPLE.COM
2018-06-07 16:47:52,088 test             L0287 DEBUG|     migrate_dest_pwd = PASSWORD.DEST.EXAMPLE
2018-06-07 16:47:52,088 test             L0287 DEBUG|     migrate_load_vms = 
2018-06-07 16:47:52,088 test             L0287 DEBUG|     migrate_main_vm = avocado-vt-vm1
2018-06-07 16:47:52,088 test             L0287 DEBUG|     migrate_port = 49152
2018-06-07 16:47:52,088 test             L0287 DEBUG|     migrate_proto = tcp
2018-06-07 16:47:52,088 test             L0287 DEBUG|     migrate_shared_storage = SHARED_IMAGE.EXAMPLE
2018-06-07 16:47:52,088 test             L0287 DEBUG|     migrate_source_host = ENTER.YOUR.SOURCE.EXAMPLE.COM
2018-06-07 16:47:52,088 test             L0287 DEBUG|     migrate_source_pwd = PASSWORD.SOURCE.EXAMPLE
2018-06-07 16:47:52,089 test             L0287 DEBUG|     migrate_vms = 
2018-06-07 16:47:52,089 test             L0287 DEBUG|     monitor_type = human
2018-06-07 16:47:52,089 test             L0287 DEBUG|     monitors = hmp1
2018-06-07 16:47:52,089 test             L0287 DEBUG|     name = qemu_kvm_jeos_quick.bridge.default_bios.no_virtio_rng.(image_backend=filesystem).no_9p_export.smallpages.no_pci_assignable.qcow2.virtio_blk.smp2.virtio_net.Guest.Linux.JeOS.27.x86_64.i440fx.Host.Host_Ubuntu.m18.u04.Host_arch_x86_64.(subtest=type_specific).(subtest=io-github-autotest-qemu).(subtest=hello_world)
2018-06-07 16:47:52,089 test             L0287 DEBUG|     netdev_peer_re = \s{2,}(.*?): .*?\\\s(.*?):
2018-06-07 16:47:52,089 test             L0287 DEBUG|     netdst = virbr0
2018-06-07 16:47:52,089 test             L0287 DEBUG|     nettype = bridge
2018-06-07 16:47:52,089 test             L0287 DEBUG|     nic_model = virtio
2018-06-07 16:47:52,089 test             L0287 DEBUG|     nics = nic1
2018-06-07 16:47:52,089 test             L0287 DEBUG|     os_type = linux
2018-06-07 16:47:52,090 test             L0287 DEBUG|     os_variant = fedora27
2018-06-07 16:47:52,090 test             L0287 DEBUG|     other_tests_dirs = 
2018-06-07 16:47:52,090 test             L0287 DEBUG|     password = 123456
2018-06-07 16:47:52,090 test             L0287 DEBUG|     paused_after_start_vm = no
2018-06-07 16:47:52,090 test             L0287 DEBUG|     pci_assignable = no
2018-06-07 16:47:52,090 test             L0287 DEBUG|     profilers = kvm_stat
2018-06-07 16:47:52,090 test             L0287 DEBUG|     provider = io-github-autotest-qemu
2018-06-07 16:47:52,090 test             L0287 DEBUG|     qemu_binary = /usr/bin/kvm
2018-06-07 16:47:52,090 test             L0287 DEBUG|     qemu_dst_binary = /usr/bin/kvm
2018-06-07 16:47:52,090 test             L0287 DEBUG|     qemu_img_binary = /usr/bin/qemu-img
2018-06-07 16:47:52,091 test             L0287 DEBUG|     qemu_io_binary = /usr/bin/qemu-io
2018-06-07 16:47:52,091 test             L0287 DEBUG|     reboot_command = shutdown -r now
2018-06-07 16:47:52,091 test             L0287 DEBUG|     redirs = remote_shell
2018-06-07 16:47:52,091 test             L0287 DEBUG|     remote_ip = ENTER.YOUR.REMOTE.EXAMPLE.COM
2018-06-07 16:47:52,091 test             L0287 DEBUG|     remote_pwd = 
2018-06-07 16:47:52,091 test             L0287 DEBUG|     remote_user = root
2018-06-07 16:47:52,091 test             L0287 DEBUG|     restore_image = no
2018-06-07 16:47:52,091 test             L0287 DEBUG|     restore_image_after_testing = yes
2018-06-07 16:47:52,091 test             L0287 DEBUG|     restore_image_on_check_error = no
2018-06-07 16:47:52,091 test             L0287 DEBUG|     run_tcpdump = yes
2018-06-07 16:47:52,092 test             L0287 DEBUG|     screendump_delay = 5
2018-06-07 16:47:52,092 test             L0287 DEBUG|     screendump_quality = 30
2018-06-07 16:47:52,092 test             L0287 DEBUG|     screendump_temp_dir = /dev/shm
2018-06-07 16:47:52,092 test             L0287 DEBUG|     screendump_verbose = no
2018-06-07 16:47:52,092 test             L0287 DEBUG|     serials = serial0
2018-06-07 16:47:52,092 test             L0287 DEBUG|     shell_client = ssh
2018-06-07 16:47:52,092 test             L0287 DEBUG|     shell_linesep = \n
2018-06-07 16:47:52,092 test             L0287 DEBUG|     shell_port = 22
2018-06-07 16:47:52,092 test             L0287 DEBUG|     shortname = qcow2.virtio_blk.smp2.virtio_net.Guest.JeOS.27.x86_64.io-github-autotest-qemu.hello_world
2018-06-07 16:47:52,092 test             L0287 DEBUG|     shutdown_command = shutdown -h now
2018-06-07 16:47:52,093 test             L0287 DEBUG|     skip_cluster_leak_warn = no
2018-06-07 16:47:52,093 test             L0287 DEBUG|     skip_image_check_during_running = no
2018-06-07 16:47:52,093 test             L0287 DEBUG|     skip_image_processing = no
2018-06-07 16:47:52,093 test             L0287 DEBUG|     sleep_time = 5
2018-06-07 16:47:52,093 test             L0287 DEBUG|     smp = 2
2018-06-07 16:47:52,093 test             L0287 DEBUG|     start_vm = yes
2018-06-07 16:47:52,093 test             L0287 DEBUG|     status_test_command = echo $?
2018-06-07 16:47:52,093 test             L0287 DEBUG|     store_vm_register = yes
2018-06-07 16:47:52,093 test             L0287 DEBUG|     strict_mode = no
2018-06-07 16:47:52,093 test             L0287 DEBUG|     subtest = io-github-autotest-qemu.hello_world
2018-06-07 16:47:52,094 test             L0287 DEBUG|     take_regular_screendumps = yes
2018-06-07 16:47:52,094 test             L0287 DEBUG|     test_timeout = 14400
2018-06-07 16:47:52,094 test             L0287 DEBUG|     type = hello_world
2018-06-07 16:47:52,094 test             L0287 DEBUG|     url_auto_ip = 
2018-06-07 16:47:52,094 test             L0287 DEBUG|     usb_bus = usb1.0
2018-06-07 16:47:52,094 test             L0287 DEBUG|     usb_controller = ehci
2018-06-07 16:47:52,094 test             L0287 DEBUG|     usb_devices = tablet1
2018-06-07 16:47:52,094 test             L0287 DEBUG|     usb_max_port = 6
2018-06-07 16:47:52,094 test             L0287 DEBUG|     usb_type = ich9-usb-ehci1
2018-06-07 16:47:52,095 test             L0287 DEBUG|     usb_type_tablet1 = usb-tablet
2018-06-07 16:47:52,095 test             L0287 DEBUG|     usb_type_usb1 = ich9-usb-ehci1
2018-06-07 16:47:52,095 test             L0287 DEBUG|     usbs = usb1
2018-06-07 16:47:52,095 test             L0287 DEBUG|     use_autostart = no
2018-06-07 16:47:52,095 test             L0287 DEBUG|     use_check_cpu = yes
2018-06-07 16:47:52,095 test             L0287 DEBUG|     use_debug = yes
2018-06-07 16:47:52,095 test             L0287 DEBUG|     use_no_reboot = no
2018-06-07 16:47:52,095 test             L0287 DEBUG|     use_os_type = yes
2018-06-07 16:47:52,095 test             L0287 DEBUG|     use_os_variant = no
2018-06-07 16:47:52,095 test             L0287 DEBUG|     use_virt_install_wait = no
2018-06-07 16:47:52,095 test             L0287 DEBUG|     used_cpus = 2
2018-06-07 16:47:52,095 test             L0287 DEBUG|     used_mem = 512
2018-06-07 16:47:52,095 test             L0287 DEBUG|     username = root
2018-06-07 16:47:52,095 test             L0287 DEBUG|     vcpu_thread_pattern = thread_id.?[:|=]\s*(\d+)
2018-06-07 16:47:52,095 test             L0287 DEBUG|     verify_guest_dmesg = yes
2018-06-07 16:47:52,095 test             L0287 DEBUG|     verify_host_dmesg = yes
2018-06-07 16:47:52,095 test             L0287 DEBUG|     vfd_size = 1440k
2018-06-07 16:47:52,096 test             L0287 DEBUG|     vga = std
2018-06-07 16:47:52,096 test             L0287 DEBUG|     virt_install_wait_time = 300
2018-06-07 16:47:52,096 test             L0287 DEBUG|     virt_test_type = qemu
2018-06-07 16:47:52,096 test             L0287 DEBUG|     virtinstall_extra_args = 
2018-06-07 16:47:52,096 test             L0287 DEBUG|     vm_arch_name = x86_64
2018-06-07 16:47:52,096 test             L0287 DEBUG|     vm_register_delay = 5
2018-06-07 16:47:52,096 test             L0287 DEBUG|     vm_type = qemu
2018-06-07 16:47:52,096 test             L0287 DEBUG|     vms = avocado-vt-vm1
2018-06-07 16:47:52,096 test             L0287 DEBUG|     vnc_autoport = yes
2018-06-07 16:47:52,116 test             L0340 DEBUG| Searching for test modules that match 'type = hello_world' and 'provider = io-github-autotest-qemu' on this cartesian dict
2018-06-07 16:47:52,116 test             L0354 DEBUG| Found subtest module /var/lib/avocado/data/avocado-vt/test-providers.d/downloads/io-github-autotest-qemu/qemu/tests/hello_world.py
2018-06-07 16:47:52,125 utils_env        L0082 WARNI| Creating new, empty env file
2018-06-07 16:47:53,243 utils_misc       L2053 DEBUG| Detected CPU vendor as 'AuthenticAMD'
2018-06-07 16:47:54,399 env_process      L0742 DEBUG| KVM version: 4.15.0-22-generic
2018-06-07 16:47:54,431 env_process      L0765 DEBUG| KVM userspace version: 2.11.1 (Debian 1:2.11+dfsg-1ubuntu7.2)
2018-06-07 16:47:54,432 utils_libvirtd   L0045 WARNI| Libvirtd service is not available in host, utils_libvirtd module will not function normally
2018-06-07 16:47:54,432 process          L0523 INFO | Running 'true'
2018-06-07 16:47:54,440 process          L0605 INFO | Command 'true' finished with 0 after 0.00118589401245s
2018-06-07 16:47:54,441 process          L0523 INFO | Running 'ps -o comm 1'
2018-06-07 16:47:54,474 process          L0367 DEBUG| [stdout] COMMAND
2018-06-07 16:47:54,475 process          L0605 INFO | Command 'ps -o comm 1' finished with 0 after 0.0276708602905s
2018-06-07 16:47:54,475 process          L0367 DEBUG| [stdout] systemd
2018-06-07 16:47:54,615 storage          L0330 DEBUG| Copying /var/lib/avocado/data/avocado-vt/images/jeos-27-x86_64.qcow2 -> /var/lib/avocado/data/avocado-vt/images/jeos-27-x86_64.qcow2.backup
2018-06-07 16:47:55,761 virt_vm          L0821 DEBUG| Generating random mac address for nic
2018-06-07 16:47:55,810 process          L0523 INFO | Running '/usr/sbin/ovs-vswitchd --version'
2018-06-07 16:47:55,818 process          L0367 DEBUG| [stdout] ovs-vswitchd (Open vSwitch) 2.9.0
2018-06-07 16:47:55,819 process          L0605 INFO | Command '/usr/sbin/ovs-vswitchd --version' finished with 0 after 0.00200986862183s
2018-06-07 16:47:55,849 process          L0523 INFO | Running '/usr/sbin/ovs-vswitchd --version'
2018-06-07 16:47:55,859 process          L0367 DEBUG| [stdout] ovs-vswitchd (Open vSwitch) 2.9.0
2018-06-07 16:47:55,859 process          L0605 INFO | Command '/usr/sbin/ovs-vswitchd --version' finished with 0 after 0.00242209434509s
2018-06-07 16:47:55,921 qemu_vm          L2325 DEBUG| Adding VM avocado-vt-vm1 NIC ifname t0-CTSntv to bridge virbr0
2018-06-07 16:47:56,519 utils_misc       L2053 DEBUG| Detected CPU vendor as 'AuthenticAMD'
2018-06-07 16:47:56,520 qemu_vm          L1883 WARNI| Set vcpu_threads to 1 for AMD cpu.
2018-06-07 16:47:56,526 qemu_vm          L2237 DEBUG| qemu will run in KVM mode
2018-06-07 16:47:56,563 qemu_vm          L2752 DEBUG| Devices of avocado-vt-vm1: [t'PREFIX',t'qemu',t'-S',t'vmname',t'machine',t'i440FX',t'PIIX4_PM',t'PIIX3',t'piix3-ide',t'fdc',t'nodefaults',t'VGA-std',t'HMP-hmp1',t'HMP-catch_monitor',idjsGgzI,t'SER-serial0',t'isa-log',usb1,usb1.0,usb1.1,usb1.2,drive_image1,image1,idEyFMdc,t'NET-bridge',t'mem',t'smp',t'cpu',usb-tablet1,t'tcp-redir',t'display',t'rtc',t'bootmenu',t'kvm']
2018-06-07 16:47:56,564 qemu_vm          L2753 DEBUG| Buses of avocado-vt-vm1
  drive_image1(QDrive): {drive:image1}
  usb1.0(ehci): {1:usb-tablet1}
  floppy(floppy): [None,None]
  ide(ide): [None,None,None,None]
  _PCI_CHASSIS_NR(None): {}
  _PCI_CHASSIS(None): {}
  pci.0(PCI): {0x0-0x0:t'i440FX',0x1-0x0:t'PIIX3',0x1-0x1:t'piix3-ide',0x1-0x3:t'PIIX4_PM',0x1d-0x0:usb1.0,0x1d-0x2:usb1.1,0x1d-0x4:usb1.2,0x1d-0x7:usb1,0x2-0x0:t'VGA-std',0x3-0x0:image1,0x4-0x0:idEyFMdc}
2018-06-07 16:47:56,565 qemu_vm          L2817 INFO | Running qemu command (reformatted):
MALLOC_PERTURB_=1  /usr/bin/kvm \
    -S  \
    -name 'avocado-vt-vm1' \
    -machine pc  \
    -nodefaults  \
    -vga std  \
    -chardev socket,id=hmp_id_hmp1,path=/var/tmp/avocado_ykYw9w/monitor-hmp1-20180607-164755-UaiJ8MHd,server,nowait \
    -mon chardev=hmp_id_hmp1,mode=readline  \
    -chardev socket,id=hmp_id_catch_monitor,path=/var/tmp/avocado_ykYw9w/monitor-catch_monitor-20180607-164755-UaiJ8MHd,server,nowait \
    -mon chardev=hmp_id_catch_monitor,mode=readline \
    -device pvpanic,ioport=0x505,id=idjsGgzI  \
    -chardev socket,id=serial_id_serial0,path=/var/tmp/avocado_ykYw9w/serial-serial0-20180607-164755-UaiJ8MHd,server,nowait \
    -device isa-serial,chardev=serial_id_serial0  \
    -chardev socket,id=seabioslog_id_20180607-164755-UaiJ8MHd,path=/var/tmp/avocado_ykYw9w/seabios-20180607-164755-UaiJ8MHd,server,nowait \
    -device isa-debugcon,chardev=seabioslog_id_20180607-164755-UaiJ8MHd,iobase=0x402 \
    -device ich9-usb-ehci1,id=usb1,addr=0x1d.7,multifunction=on,bus=pci.0 \
    -device ich9-usb-uhci1,id=usb1.0,multifunction=on,masterbus=usb1.0,addr=0x1d.0,firstport=0,bus=pci.0 \
    -device ich9-usb-uhci2,id=usb1.1,multifunction=on,masterbus=usb1.0,addr=0x1d.2,firstport=2,bus=pci.0 \
    -device ich9-usb-uhci3,id=usb1.2,multifunction=on,masterbus=usb1.0,addr=0x1d.4,firstport=4,bus=pci.0 \
    -drive id=drive_image1,if=none,format=qcow2,file=/var/lib/avocado/data/avocado-vt/images/jeos-27-x86_64.qcow2 \
    -device virtio-blk-pci,id=image1,drive=drive_image1,bootindex=0,bus=pci.0,addr=0x3 \
    -device virtio-net-pci,mac=9a:8a:8b:8c:8d:8e,id=idEyFMdc,vectors=4,netdev=id1QOTtA,bus=pci.0,addr=0x4  \
    -netdev tap,id=id1QOTtA,fd=19 \
    -m 1024  \
    -smp 2,maxcpus=2,cores=1,threads=1,sockets=2  \
    -cpu 'Opteron_G4' \
    -device usb-tablet,id=usb-tablet1,bus=usb1.0,port=1  \
    -vnc :0  \
    -rtc base=utc,clock=host  \
    -boot menu=off,strict=off,order=cdn,once=c \
    -enable-kvm
2018-06-07 16:47:56,629 client           L0604 INFO | [qemu output] qemu-system-x86_64: -netdev tap,id=id1QOTtA,fd=19: TUNGETIFF ioctl() failed: Bad file descriptor
2018-06-07 16:47:56,630 client           L0604 INFO | [qemu output] TUNSETOFFLOAD ioctl() failed: Bad file descriptor
2018-06-07 16:47:56,631 client           L0604 INFO | [qemu output] qemu-system-x86_64: warning: host doesn't support requested feature: CPUID.80000001H:ECX.xop [bit 11]
2018-06-07 16:47:56,631 client           L0604 INFO | [qemu output] qemu-system-x86_64: warning: host doesn't support requested feature: CPUID.80000001H:ECX.fma4 [bit 16]
2018-06-07 16:47:56,631 client           L0604 INFO | [qemu output] qemu-system-x86_64: warning: host doesn't support requested feature: CPUID.80000001H:ECX.xop [bit 11]
2018-06-07 16:47:56,632 client           L0604 INFO | [qemu output] qemu-system-x86_64: warning: host doesn't support requested feature: CPUID.80000001H:ECX.fma4 [bit 16]
2018-06-07 16:47:57,605 qemu_vm          L2826 INFO | Created qemu process with parent PID 36073
2018-06-07 16:47:57,908 qemu_monitor     L0143 INFO | Connecting to monitor '<virttest.qemu_monitor.HumanMonitor> hmp1'
2018-06-07 16:47:57,911 qemu_monitor     L0324 DEBUG| (monitor avocado-vt-vm1.hmp1) Sending command 'help set_link' 
2018-06-07 16:47:57,911 qemu_monitor     L0754 DEBUG| Send command: help set_link
2018-06-07 16:47:57,912 qemu_monitor     L0718 DEBUG| (monitor avocado-vt-vm1.hmp1) Response to 'help set_link'
2018-06-07 16:47:57,912 qemu_monitor     L0721 DEBUG| (monitor avocado-vt-vm1.hmp1)    set_link name on|off -- change the link status of a network adapter
2018-06-07 16:47:57,913 qemu_monitor     L0143 INFO | Connecting to monitor '<virttest.qemu_monitor.HumanMonitor> catch_monitor'
2018-06-07 16:47:57,915 qemu_monitor     L0324 DEBUG| (monitor avocado-vt-vm1.catch_monitor) Sending command 'help set_link' 
2018-06-07 16:47:57,915 qemu_monitor     L0754 DEBUG| Send command: help set_link
2018-06-07 16:47:57,915 qemu_monitor     L0718 DEBUG| (monitor avocado-vt-vm1.catch_monitor) Response to 'help set_link'
2018-06-07 16:47:57,915 qemu_monitor     L0721 DEBUG| (monitor avocado-vt-vm1.catch_monitor)    set_link name on|off -- change the link status of a network adapter
2018-06-07 16:47:57,956 qemu_vm          L2934 DEBUG| VM appears to be alive with PID 36075
2018-06-07 16:47:57,957 qemu_monitor     L0324 DEBUG| (monitor avocado-vt-vm1.hmp1) Sending command 'info cpus' 
2018-06-07 16:47:57,957 qemu_monitor     L0754 DEBUG| Send command: info cpus
2018-06-07 16:47:57,958 qemu_monitor     L0718 DEBUG| (monitor avocado-vt-vm1.hmp1) Response to 'info cpus'
2018-06-07 16:47:57,958 qemu_monitor     L0721 DEBUG| (monitor avocado-vt-vm1.hmp1)    * CPU #0: pc=0x00000000fffffff0 thread_id=36079
2018-06-07 16:47:57,958 qemu_monitor     L0721 DEBUG| (monitor avocado-vt-vm1.hmp1)      CPU #1: pc=0x00000000fffffff0 thread_id=36080
2018-06-07 16:47:58,139 qemu_monitor     L0324 DEBUG| (monitor avocado-vt-vm1.hmp1) Sending command 'cont' 
2018-06-07 16:47:58,139 qemu_monitor     L0754 DEBUG| Send command: cont
2018-06-07 16:47:58,162 error_context    L0079 INFO | Context: Get the main VM
2018-06-07 16:47:58,163 virt_vm          L0872 WARNI| Unable to read serial console
2018-06-07 16:47:58,163 virt_vm          L0918 WARNI| Unable to read serial console
2018-06-07 16:47:58,164 virt_vm          L1078 DEBUG| Attempting to log into 'avocado-vt-vm1' (timeout 360s)
2018-06-07 16:53:58,194 virt_vm          L1261 DEBUG| Attempting to log into 'avocado-vt-vm1' via serial console (timeout 360s)
2018-06-07 16:54:12,701 client           L1125 DEBUG| Sending command: echo %OS%
2018-06-07 16:54:12,805 client           L1161 DEBUG| Sending command (safe): ifconfig -a
2018-06-07 16:54:12,948 client           L1161 DEBUG| Sending command (safe): ip link | grep -B1 '' -i
2018-06-07 16:54:13,069 client           L1125 DEBUG| Sending command: test -d /sys/class/net/ens4
2018-06-07 16:54:13,174 client           L1125 DEBUG| Sending command: echo $?
2018-06-07 16:54:13,277 client           L1125 DEBUG| Sending command: cat /sys/class/net/ens4/address
2018-06-07 16:54:13,385 client           L1161 DEBUG| Sending command (safe): ifconfig ens4 || ip address show ens4
2018-06-07 16:54:13,588 utils_net        L3423 WARNI| No VM's NIC got IP address
2018-06-07 16:54:13,590 virt_vm          L0872 WARNI| Unable to read serial console
2018-06-07 16:54:13,590 virt_vm          L0918 WARNI| Unable to read serial console
2018-06-07 16:54:24,642 client           L1125 DEBUG| Sending command: ipconfig || ifconfig
2018-06-07 16:54:24,777 client           L1125 DEBUG| Sending command: ip route || route print
2018-06-07 16:54:24,883 virt_vm          L1068 ERROR| Guest network status:
 -bash: ipconfig: command not found
ens4: flags=4163<UP,BROADCAST,RUNNING,MULTICAST>  mtu 1500
        ether 9a:8a:8b:8c:8d:8e  txqueuelen 1000  (Ethernet)
        RX packets 0  bytes 0 (0.0 B)
        RX errors 0  dropped 0  overruns 0  frame 0
        TX packets 52  bytes 9408 (9.1 KiB)
        TX errors 0  dropped 0 overruns 0  carrier 0  collisions 0

lo: flags=73<UP,LOOPBACK,RUNNING>  mtu 65536
        inet 127.0.0.1  netmask 255.0.0.0
        inet6 ::1  prefixlen 128  scopeid 0x10<host>
        loop  txqueuelen 1000  (Local Loopback)
        RX packets 0  bytes 0 (0.0 B)
        RX errors 0  dropped 0  overruns 0  frame 0
        TX packets 0  bytes 0 (0.0 B)
        TX errors 0  dropped 0 overruns 0  carrier 0  collisions 0


Guest route table:
 
2018-06-07 16:54:24,970 stacktrace       L0041 ERROR| 
2018-06-07 16:54:24,971 stacktrace       L0044 ERROR| Reproduced traceback from: /usr/local/lib/python2.7/dist-packages/avocado_plugins_vt-58.0-py2.7.egg/avocado_vt/test.py:407
2018-06-07 16:54:24,972 stacktrace       L0047 ERROR| Traceback (most recent call last):
2018-06-07 16:54:24,972 stacktrace       L0047 ERROR|   File "/usr/local/lib/python2.7/dist-packages/avocado_plugins_vt-58.0-py2.7.egg/virttest/error_context.py", line 135, in new_fn
2018-06-07 16:54:24,972 stacktrace       L0047 ERROR|     return fn(*args, **kwargs)
2018-06-07 16:54:24,972 stacktrace       L0047 ERROR|   File "/var/lib/avocado/data/avocado-vt/test-providers.d/downloads/io-github-autotest-qemu/qemu/tests/hello_world.py", line 44, in run
2018-06-07 16:54:24,972 stacktrace       L0047 ERROR|     session = vm.wait_for_login(timeout=timeout)
2018-06-07 16:54:24,972 stacktrace       L0047 ERROR|   File "/usr/local/lib/python2.7/dist-packages/avocado_plugins_vt-58.0-py2.7.egg/virttest/virt_vm.py", line 1083, in wait_for_login
2018-06-07 16:54:24,973 stacktrace       L0047 ERROR|     ip_version=self.ip_version)
2018-06-07 16:54:24,973 stacktrace       L0047 ERROR|   File "/usr/local/lib/python2.7/dist-packages/avocado_plugins_vt-58.0-py2.7.egg/virttest/error_context.py", line 135, in new_fn
2018-06-07 16:54:24,973 stacktrace       L0047 ERROR|     return fn(*args, **kwargs)
2018-06-07 16:54:24,973 stacktrace       L0047 ERROR|   File "/usr/local/lib/python2.7/dist-packages/avocado_plugins_vt-58.0-py2.7.egg/virttest/virt_vm.py", line 795, in wait_for_get_address
2018-06-07 16:54:24,973 stacktrace       L0047 ERROR|     ipaddr = self.get_address(nic_index, ip_version)
2018-06-07 16:54:24,973 stacktrace       L0047 ERROR|   File "/usr/local/lib/python2.7/dist-packages/avocado_plugins_vt-58.0-py2.7.egg/virttest/virt_vm.py", line 666, in get_address
2018-06-07 16:54:24,973 stacktrace       L0047 ERROR|     return self._get_address(nic, ip_version)
2018-06-07 16:54:24,973 stacktrace       L0047 ERROR|   File "/usr/local/lib/python2.7/dist-packages/avocado_plugins_vt-58.0-py2.7.egg/virttest/virt_vm.py", line 704, in _get_address
2018-06-07 16:54:24,973 stacktrace       L0047 ERROR|     raise VMIPAddressMissingError(mac, ip_version)
2018-06-07 16:54:24,973 stacktrace       L0047 ERROR| VMIPAddressMissingError: No ipv4 DHCP lease for MAC 9a:8a:8b:8c:8d:8e
2018-06-07 16:54:24,974 stacktrace       L0048 ERROR| 
2018-06-07 16:54:24,980 virt_vm          L1078 DEBUG| Attempting to log into 'avocado-vt-vm1' (timeout 240s)
2018-06-07 16:58:25,331 virt_vm          L1261 DEBUG| Attempting to log into 'avocado-vt-vm1' via serial console (timeout 240s)
2018-06-07 16:58:36,376 client           L1125 DEBUG| Sending command: echo %OS%
2018-06-07 16:58:36,480 client           L1161 DEBUG| Sending command (safe): ifconfig -a
2018-06-07 16:58:36,611 client           L1161 DEBUG| Sending command (safe): ip link | grep -B1 '' -i
2018-06-07 16:58:36,729 client           L1125 DEBUG| Sending command: test -d /sys/class/net/ens4
2018-06-07 16:58:36,834 client           L1125 DEBUG| Sending command: echo $?
2018-06-07 16:58:36,937 client           L1125 DEBUG| Sending command: cat /sys/class/net/ens4/address
2018-06-07 16:58:37,045 client           L1161 DEBUG| Sending command (safe): ifconfig ens4 || ip address show ens4
2018-06-07 16:58:37,253 ip_sniffing      L0050 DEBUG| Updated HWADDR (9a:8a:8b:8c:8d:8e_6)<->(fe80::988a:8bff:fe8c:8d8e) IP pair into address cache
2018-06-07 16:58:37,254 virt_vm          L0872 WARNI| Unable to read serial console
2018-06-07 16:58:37,254 virt_vm          L0918 WARNI| Unable to read serial console
2018-06-07 16:58:48,299 client           L1125 DEBUG| Sending command: ipconfig || ifconfig
2018-06-07 16:58:48,441 client           L1125 DEBUG| Sending command: ip route || route print
2018-06-07 16:58:48,547 virt_vm          L1068 ERROR| Guest network status:
 -bash: ipconfig: command not found
ens4: flags=4163<UP,BROADCAST,RUNNING,MULTICAST>  mtu 1500
        inet6 fe80::988a:8bff:fe8c:8d8e  prefixlen 64  scopeid 0x20<link>
        ether 9a:8a:8b:8c:8d:8e  txqueuelen 1000  (Ethernet)
        RX packets 0  bytes 0 (0.0 B)
        RX errors 0  dropped 0  overruns 0  frame 0
        TX packets 101  bytes 18066 (17.6 KiB)
        TX errors 0  dropped 0 overruns 0  carrier 0  collisions 0

lo: flags=73<UP,LOOPBACK,RUNNING>  mtu 65536
        inet 127.0.0.1  netmask 255.0.0.0
        inet6 ::1  prefixlen 128  scopeid 0x10<host>
        loop  txqueuelen 1000  (Local Loopback)
        RX packets 0  bytes 0 (0.0 B)
        RX errors 0  dropped 0  overruns 0  frame 0
        TX packets 0  bytes 0 (0.0 B)
        TX errors 0  dropped 0 overruns 0  carrier 0  collisions 0


Guest route table:
 
2018-06-07 16:58:48,627 stacktrace       L0041 ERROR| 
2018-06-07 16:58:48,627 stacktrace       L0044 ERROR| Reproduced traceback from: /usr/local/lib/python2.7/dist-packages/avocado_plugins_vt-58.0-py2.7.egg/avocado_vt/test.py:427
2018-06-07 16:58:48,628 stacktrace       L0047 ERROR| Traceback (most recent call last):
2018-06-07 16:58:48,628 stacktrace       L0047 ERROR|   File "/usr/local/lib/python2.7/dist-packages/avocado_plugins_vt-58.0-py2.7.egg/virttest/error_context.py", line 135, in new_fn
2018-06-07 16:58:48,628 stacktrace       L0047 ERROR|     return fn(*args, **kwargs)
2018-06-07 16:58:48,628 stacktrace       L0047 ERROR|   File "/usr/local/lib/python2.7/dist-packages/avocado_plugins_vt-58.0-py2.7.egg/virttest/env_process.py", line 946, in postprocess
2018-06-07 16:58:48,629 stacktrace       L0047 ERROR|     vm.verify_dmesg(dmesg_log_file=guest_dmesg_log_file)
2018-06-07 16:58:48,629 stacktrace       L0047 ERROR|   File "/usr/local/lib/python2.7/dist-packages/avocado_plugins_vt-58.0-py2.7.egg/virttest/virt_vm.py", line 883, in verify_dmesg
2018-06-07 16:58:48,629 stacktrace       L0047 ERROR|     session = self.wait_for_login()
2018-06-07 16:58:48,629 stacktrace       L0047 ERROR|   File "/usr/local/lib/python2.7/dist-packages/avocado_plugins_vt-58.0-py2.7.egg/virttest/virt_vm.py", line 1083, in wait_for_login
2018-06-07 16:58:48,629 stacktrace       L0047 ERROR|     ip_version=self.ip_version)
2018-06-07 16:58:48,629 stacktrace       L0047 ERROR|   File "/usr/local/lib/python2.7/dist-packages/avocado_plugins_vt-58.0-py2.7.egg/virttest/error_context.py", line 135, in new_fn
2018-06-07 16:58:48,629 stacktrace       L0047 ERROR|     return fn(*args, **kwargs)
2018-06-07 16:58:48,629 stacktrace       L0047 ERROR|   File "/usr/local/lib/python2.7/dist-packages/avocado_plugins_vt-58.0-py2.7.egg/virttest/virt_vm.py", line 795, in wait_for_get_address
2018-06-07 16:58:48,630 stacktrace       L0047 ERROR|     ipaddr = self.get_address(nic_index, ip_version)
2018-06-07 16:58:48,630 stacktrace       L0047 ERROR|   File "/usr/local/lib/python2.7/dist-packages/avocado_plugins_vt-58.0-py2.7.egg/virttest/virt_vm.py", line 666, in get_address
2018-06-07 16:58:48,630 stacktrace       L0047 ERROR|     return self._get_address(nic, ip_version)
2018-06-07 16:58:48,630 stacktrace       L0047 ERROR|   File "/usr/local/lib/python2.7/dist-packages/avocado_plugins_vt-58.0-py2.7.egg/virttest/virt_vm.py", line 704, in _get_address
2018-06-07 16:58:48,630 stacktrace       L0047 ERROR|     raise VMIPAddressMissingError(mac, ip_version)
2018-06-07 16:58:48,630 stacktrace       L0047 ERROR| VMIPAddressMissingError: No ipv4 DHCP lease for MAC 9a:8a:8b:8c:8d:8e
2018-06-07 16:58:48,630 stacktrace       L0048 ERROR| 
2018-06-07 16:58:48,630 test             L0432 ERROR| Exception raised during postprocessing: No ipv4 DHCP lease for MAC 9a:8a:8b:8c:8d:8e
2018-06-07 16:58:48,638 stacktrace       L0041 ERROR| 
2018-06-07 16:58:48,638 stacktrace       L0044 ERROR| Reproduced traceback from: /usr/local/lib/python2.7/dist-packages/avocado_framework-58.0-py2.7.egg/avocado/core/test.py:834
2018-06-07 16:58:48,638 stacktrace       L0047 ERROR| Traceback (most recent call last):
2018-06-07 16:58:48,639 stacktrace       L0047 ERROR|   File "/usr/local/lib/python2.7/dist-packages/avocado_plugins_vt-58.0-py2.7.egg/avocado_vt/test.py", line 270, in runTest
2018-06-07 16:58:48,639 stacktrace       L0047 ERROR|     raise self.__status  # pylint: disable=E0702
2018-06-07 16:58:48,639 stacktrace       L0047 ERROR| VMIPAddressMissingError: No ipv4 DHCP lease for MAC 9a:8a:8b:8c:8d:8e
2018-06-07 16:58:48,639 stacktrace       L0048 ERROR| 
2018-06-07 16:58:48,639 test             L0839 DEBUG| Local variables:
2018-06-07 16:58:48,660 test             L0842 DEBUG|  -> self <class 'avocado_vt.test.VirtTest'>: 1-type_specific.io-github-autotest-qemu.hello_world
2018-06-07 16:58:48,661 test             L0286 DEBUG| DATA (filename=output.expected) => NOT FOUND (data sources: variant, test, file)
2018-06-07 16:58:48,661 test             L0286 DEBUG| DATA (filename=stdout.expected) => NOT FOUND (data sources: variant, test, file)
2018-06-07 16:58:48,661 test             L0286 DEBUG| DATA (filename=stderr.expected) => NOT FOUND (data sources: variant, test, file)
2018-06-07 16:58:48,661 test             L0996 ERROR| Traceback (most recent call last):

2018-06-07 16:58:48,661 test             L0996 ERROR|   File "/usr/local/lib/python2.7/dist-packages/avocado_framework-58.0-py2.7.egg/avocado/core/test.py", line 932, in _run_avocado
    raise test_exception

2018-06-07 16:58:48,661 test             L0996 ERROR| VMIPAddressMissingError: No ipv4 DHCP lease for MAC 9a:8a:8b:8c:8d:8e

2018-06-07 16:58:48,661 test             L1011 ERROR| ERROR 1-type_specific.io-github-autotest-qemu.hello_world -> VMIPAddressMissingError: No ipv4 DHCP lease for MAC 9a:8a:8b:8c:8d:8e
2018-06-07 16:58:48,661 test             L1000 INFO | 
2018-06-07 16:58:48,815 qemu_monitor     L0324 DEBUG| (monitor avocado-vt-vm1.hmp1) Sending command 'help set_link' 
2018-06-07 16:58:48,815 qemu_monitor     L0754 DEBUG| Send command: help set_link
2018-06-07 16:58:48,815 qemu_monitor     L0718 DEBUG| (monitor avocado-vt-vm1.hmp1) Response to 'help set_link'
2018-06-07 16:58:48,815 qemu_monitor     L0721 DEBUG| (monitor avocado-vt-vm1.hmp1)    set_link name on|off -- change the link status of a network adapter
2018-06-07 16:58:48,817 qemu_monitor     L0324 DEBUG| (monitor avocado-vt-vm1.catch_monitor) Sending command 'help set_link' 
2018-06-07 16:58:48,817 qemu_monitor     L0754 DEBUG| Send command: help set_link
2018-06-07 16:58:48,817 qemu_monitor     L0718 DEBUG| (monitor avocado-vt-vm1.catch_monitor) Response to 'help set_link'
2018-06-07 16:58:48,817 qemu_monitor     L0721 DEBUG| (monitor avocado-vt-vm1.catch_monitor)    set_link name on|off -- change the link status of a network adapter
2018-06-07 16:58:48,866 qemu_vm          L3142 DEBUG| Destroying VM avocado-vt-vm1 (PID 36075)
2018-06-07 16:58:48,866 qemu_vm          L3156 DEBUG| Ending VM avocado-vt-vm1 process (monitor)
2018-06-07 16:58:48,919 client           L0604 INFO | [qemu output] (Process terminated with status 0)
2018-06-07 16:58:49,368 qemu_vm          L3168 DEBUG| VM avocado-vt-vm1 down (monitor)
2018-06-07 16:58:49,414 process          L0523 INFO | Running '/usr/sbin/ovs-vswitchd --version'
2018-06-07 16:58:49,424 process          L0367 DEBUG| [stdout] ovs-vswitchd (Open vSwitch) 2.9.0
2018-06-07 16:58:49,424 process          L0605 INFO | Command '/usr/sbin/ovs-vswitchd --version' finished with 0 after 0.0023820400238s
2018-06-07 16:58:49,427 process          L0523 INFO | Running '/usr/sbin/ovs-vswitchd --version'
2018-06-07 16:58:49,436 process          L0367 DEBUG| [stdout] ovs-vswitchd (Open vSwitch) 2.9.0
2018-06-07 16:58:49,436 process          L0605 INFO | Command '/usr/sbin/ovs-vswitchd --version' finished with 0 after 0.002277135849s
2018-06-07 16:58:49,474 job              L0483 INFO | Test results available in /root/avocado/job-results/job-2018-06-07T16.47-9883510
2018-06-07 11:58:50,212 job              L0457 INFO | Test results available in /var/lib/jenkins/avocado/job-results/job-2018-06-07T11.47-9883510
