+ set -e
+ '[' 0 -eq 0 ']'
+ ./checkfornewkerneldeb.sh
+ sudo wget -O /etc/apt/sources.list.d/sos_ubuntu.list http://sos-repos/scripts/sos_ubuntu.list
--2018-07-10 10:35:08--  http://sos-repos/scripts/sos_ubuntu.list
Resolving sos-repos (sos-repos)... 10.236.113.165
Connecting to sos-repos (sos-repos)|10.236.113.165|:80... connected.
HTTP request sent, awaiting response... 200 OK
Length: 75
Saving to: ‘/etc/apt/sources.list.d/sos_ubuntu.list’

     0K                                                       100% 8.42M=0s

2018-07-10 10:35:08 (8.42 MB/s) - ‘/etc/apt/sources.list.d/sos_ubuntu.list’ saved [75/75]

+ sudo apt update

WARNING: apt does not have a stable CLI interface. Use with caution in scripts.

Ign:1 http://sos-repos/repos/sos_ubuntu stable InRelease
Hit:2 http://sos-repos/repos/sos_ubuntu stable Release
Ign:3 http://sos-repos/repos/sos_ubuntu stable Release.gpg
Hit:4 http://us.archive.ubuntu.com/ubuntu artful InRelease
Hit:5 http://us.archive.ubuntu.com/ubuntu artful-updates InRelease
Hit:6 http://us.archive.ubuntu.com/ubuntu artful-backports InRelease
Get:7 http://security.ubuntu.com/ubuntu artful-security InRelease [83.2 kB]
Get:8 http://security.ubuntu.com/ubuntu artful-security/main i386 Packages [188 kB]
Get:9 http://security.ubuntu.com/ubuntu artful-security/main amd64 Packages [193 kB]
Get:10 http://security.ubuntu.com/ubuntu artful-security/main Translation-en [86.6 kB]
Get:11 http://security.ubuntu.com/ubuntu artful-security/main amd64 DEP-11 Metadata [32.6 kB]
Get:12 http://security.ubuntu.com/ubuntu artful-security/main DEP-11 64x64 Icons [37.0 kB]
Get:13 http://security.ubuntu.com/ubuntu artful-security/universe amd64 Packages [71.7 kB]
Get:14 http://security.ubuntu.com/ubuntu artful-security/universe i386 Packages [71.2 kB]
Get:15 http://security.ubuntu.com/ubuntu artful-security/universe Translation-en [44.6 kB]
Get:16 http://security.ubuntu.com/ubuntu artful-security/universe amd64 DEP-11 Metadata [40.2 kB]
Get:17 http://security.ubuntu.com/ubuntu artful-security/universe DEP-11 64x64 Icons [50.3 kB]
Fetched 899 kB in 1s (460 kB/s)
Reading package lists...
Building dependency tree...
Reading state information...
80 packages can be upgraded. Run 'apt list --upgradable' to see them.
++ apt-cache search linux-image
++ awk '-F - ' '{print $1}'
++ fgrep amdsos
++ sort -V
++ tail -n1
+ linuximage=linux-image-4.16.0-amdsos-build5+
+ '[' -n linux-image-4.16.0-amdsos-build5+ ']'
+ sudo apt install linux-image-4.16.0-amdsos-build5+

WARNING: apt does not have a stable CLI interface. Use with caution in scripts.

Reading package lists...
Building dependency tree...
Reading state information...
linux-image-4.16.0-amdsos-build5+ is already the newest version (4.16.0-amdsos-build5+-1).
The following packages were automatically installed and are no longer required:
  linux-headers-4.13.0-21 linux-headers-4.13.0-21-generic
  linux-image-4.13.0-21-generic linux-image-extra-4.13.0-21-generic
Use 'sudo apt autoremove' to remove them.
0 upgraded, 0 newly installed, 0 to remove and 80 not upgraded.
+ sudo apt remove -y '*-jenkins'

WARNING: apt does not have a stable CLI interface. Use with caution in scripts.

Reading package lists...
Building dependency tree...
Reading state information...
Package 'python-jenkins' is not installed, so not removed
Package 'python3-jenkins' is not installed, so not removed
Package 'linux-image-4.18.0-rc3-jenkins' is not installed, so not removed
Package 'linux-image-4.18.0-rc2-jenkins' is not installed, so not removed
Package 'linux-image-4.17.0-jenkins' is not installed, so not removed
Package 'linux-image-4.18.0-rc4-jenkins' is not installed, so not removed
Package 'linux-image-4.17.0-rc5-jenkins' is not installed, so not removed
Package 'linux-image-4.17.0-rc6-jenkins' is not installed, so not removed
Package 'linux-image-4.17.0-rc7-jenkins' is not installed, so not removed
Package 'linux-image-4.18.0-rc1-jenkins' is not installed, so not removed
Package 'linux-image-4.16.0-rc2-jenkins' is not installed, so not removed
Package 'linux-image-4.17.0-rc3-jenkins' is not installed, so not removed
Package 'linux-image-4.17.0-rc4-jenkins' is not installed, so not removed
The following packages were automatically installed and are no longer required:
  linux-headers-4.13.0-21 linux-headers-4.13.0-21-generic
  linux-image-4.13.0-21-generic linux-image-extra-4.13.0-21-generic
Use 'sudo apt autoremove' to remove them.
0 upgraded, 0 newly installed, 0 to remove and 80 not upgraded.
++ echo linux-image-4.16.0-amdsos-build5+
++ grep -oP '(?<=linux-image-).+'
+ sudo grubby --set-default /boot/vmlinuz-4.16.0-amdsos-build5+
+ exit 0
