+ cd /var/lib/jenkins
+ ./checkresourceprovisioned.new.sh sos-avocado-os0
+ set -e
+ ping -c 1 sos-avocado-os0
+ ssh -q -o PasswordAuthentication=no -o StrictHostKeyChecking=no jenkins@sos-avocado-os0 'test ! -f checkfornewkerneltag.sh'
+ '[' 255 -eq 1 ']'
+ ssh-keygen -R sos-avocado-os0
+ ssh -q -o PasswordAuthentication=no -o StrictHostKeyChecking=no root@sos-avocado-os0 :
++ ./what_distro.sh root@sos-avocado-os0
+ distro=sles-12.3
+ '[' sles-12.3 = ubuntu-16.04 ']'
+ '[' sles-12.3 = ubuntu-17.10 ']'
+ '[' sles-12.3 = ubuntu-18.04 ']'
+ '[' sles-12.3 = ubuntu-18.04 ']'
+ '[' sles-12.3 = sles-12.3 ']'
+ ssh -q root@sos-avocado-os0
Last failed login: Mon May 21 17:47:20 CDT 2018 from 10.236.105.240 on ssh:notty
There were 3 failed login attempts since the last successful login.
Adding repository 'dvd 1 repo' [......done]
Repository 'dvd 1 repo' successfully added

URI         : http://sos-infrastructure.amd.com/fileserv/iso_repos/sles/12.3/dvd1/
Enabled     : Yes                                                                 
GPG Check   : Yes                                                                 
Autorefresh : Yes                                                                 
Priority    : 99 (default priority)                                               

Repository priorities are without effect. All enabled repositories share the same priority.
Adding repository 'dvd 2 repo' [......done]
Repository 'dvd 2 repo' successfully added

URI         : http://sos-infrastructure.amd.com/fileserv/iso_repos/sles/12.3/dvd2/
Enabled     : Yes                                                                 
GPG Check   : Yes                                                                 
Autorefresh : Yes                                                                 
Priority    : 99 (default priority)                                               

Repository priorities are without effect. All enabled repositories share the same priority.
Adding repository 'sdk dvd 1 repo' [......done]
Repository 'sdk dvd 1 repo' successfully added

URI         : http://sos-infrastructure.amd.com/fileserv/iso_repos/sles/12.3/sdk_dvd1/
Enabled     : Yes                                                                     
GPG Check   : Yes                                                                     
Autorefresh : Yes                                                                     
Priority    : 99 (default priority)                                                   

Repository priorities are without effect. All enabled repositories share the same priority.
Adding repository 'sdk dvd 2 repo' [......done]
Repository 'sdk dvd 2 repo' successfully added

URI         : http://sos-infrastructure.amd.com/fileserv/iso_repos/sles/12.3/sdk_dvd2/
Enabled     : Yes                                                                     
GPG Check   : Yes                                                                     
Autorefresh : Yes                                                                     
Priority    : 99 (default priority)                                                   

Repository priorities are without effect. All enabled repositories share the same priority.
Retrieving repository 'dvd 1 repo' metadata [.done]
Building repository 'dvd 1 repo' cache [....done]
Retrieving repository 'dvd 2 repo' metadata [...done]
Building repository 'dvd 2 repo' cache [....done]
Retrieving repository 'sdk dvd 1 repo' metadata [.done]
Building repository 'sdk dvd 1 repo' cache [....done]
Retrieving repository 'sdk dvd 2 repo' metadata [.done]
Building repository 'sdk dvd 2 repo' cache [....done]
Loading repository data...
Reading installed packages...
Resolving package dependencies...

The following 2 NEW packages are going to be installed:
  cvs patterns-sles-Basis-Devel

The following NEW pattern is going to be installed:
  Basis-Devel

The following 2 packages are not supported by their vendor:
  cvs patterns-sles-Basis-Devel

2 new packages to install.
Overall download size: 388.4 KiB. Already cached: 0 B. After the operation, additional 902.3 KiB will be used.
Continue? [y/n/...? shows all options] (y): Cannot read input: bad stream or EOF.
If you run zypper without a terminal, use '--non-interactive' global
option to make zypper use default answers to prompts.
