+ set -e
+ '[' 0 -eq 0 ']'
+ ./checkfornewkerneldeb.sh
+ sudo wget -O /etc/apt/sources.list.d/sos_ubuntu.list http://sos-repos/scripts/sos_ubuntu.list
--2018-08-26 12:13:02--  http://sos-repos/scripts/sos_ubuntu.list
Resolving sos-repos (sos-repos)... 10.236.113.165
Connecting to sos-repos (sos-repos)|10.236.113.165|:80... connected.
HTTP request sent, awaiting response... 200 OK
Length: 75
Saving to: ‘/etc/apt/sources.list.d/sos_ubuntu.list’

     0K                                                       100% 3.10M=0s

2018-08-26 12:13:02 (3.10 MB/s) - ‘/etc/apt/sources.list.d/sos_ubuntu.list’ saved [75/75]

+ sudo apt update

WARNING: apt does not have a stable CLI interface. Use with caution in scripts.

Ign:1 http://sos-repos/repos/sos_ubuntu stable InRelease
Hit:2 http://sos-repos/repos/sos_ubuntu stable Release
Ign:3 http://sos-repos/repos/sos_ubuntu stable Release.gpg
Hit:4 http://us.archive.ubuntu.com/ubuntu bionic InRelease
Get:5 http://us.archive.ubuntu.com/ubuntu bionic-updates InRelease [88.7 kB]
Hit:6 http://security.ubuntu.com/ubuntu bionic-security InRelease
Get:7 http://us.archive.ubuntu.com/ubuntu bionic-backports InRelease [74.6 kB]
Get:8 http://us.archive.ubuntu.com/ubuntu bionic-updates/main amd64 Packages [301 kB]
Get:9 http://us.archive.ubuntu.com/ubuntu bionic-updates/main i386 Packages [271 kB]
Fetched 735 kB in 1s (738 kB/s)
Reading package lists...
Building dependency tree...
Reading state information...
195 packages can be upgraded. Run 'apt list --upgradable' to see them.
++ apt-cache search linux-image
++ awk '-F - ' '{print $1}'
++ fgrep amdsos
++ sort -V
++ tail -n1
+ linuximage=linux-image-4.17.0-amdsos-build7+
+ '[' -n linux-image-4.17.0-amdsos-build7+ ']'
+ sudo apt install linux-image-4.17.0-amdsos-build7+

WARNING: apt does not have a stable CLI interface. Use with caution in scripts.

Reading package lists...
Building dependency tree...
Reading state information...
linux-image-4.17.0-amdsos-build7+ is already the newest version (4.17.0-amdsos-build7+-1).
0 upgraded, 0 newly installed, 0 to remove and 195 not upgraded.
+ sudo apt remove -y '*-jenkins'

WARNING: apt does not have a stable CLI interface. Use with caution in scripts.

Reading package lists...
Building dependency tree...
Reading state information...
Package 'python3-jenkins' is not installed, so not removed
0 upgraded, 0 newly installed, 0 to remove and 195 not upgraded.
++ echo linux-image-4.17.0-amdsos-build7+
++ grep -oP '(?<=linux-image-).+'
+ sudo grubby --set-default /boot/vmlinuz-4.17.0-amdsos-build7+
+ exit 0
