+ set -e
+ '[' 0 -eq 0 ']'
+ ./checkfornewkerneldeb.sh
+ sudo wget -O /etc/apt/sources.list.d/sos_ubuntu.list http://sos-repos/scripts/sos_ubuntu.list
--2018-08-22 10:37:13--  http://sos-repos/scripts/sos_ubuntu.list
Resolving sos-repos (sos-repos)... 10.236.113.165
Connecting to sos-repos (sos-repos)|10.236.113.165|:80... connected.
HTTP request sent, awaiting response... 200 OK
Length: 75
Saving to: ‘/etc/apt/sources.list.d/sos_ubuntu.list’

     0K                                                       100% 5.20M=0s

2018-08-22 10:37:13 (5.20 MB/s) - ‘/etc/apt/sources.list.d/sos_ubuntu.list’ saved [75/75]

+ sudo apt update

WARNING: apt does not have a stable CLI interface. Use with caution in scripts.

Ign:1 http://sos-repos/repos/sos_ubuntu stable InRelease
Hit:2 http://sos-repos/repos/sos_ubuntu stable Release
Ign:3 http://sos-repos/repos/sos_ubuntu stable Release.gpg
Hit:4 http://us.archive.ubuntu.com/ubuntu bionic InRelease
Get:5 http://us.archive.ubuntu.com/ubuntu bionic-updates InRelease [88.7 kB]
Get:6 http://security.ubuntu.com/ubuntu bionic-security InRelease [83.2 kB]
Get:7 http://us.archive.ubuntu.com/ubuntu bionic-backports InRelease [74.6 kB]
Get:8 http://us.archive.ubuntu.com/ubuntu bionic-updates/main i386 Packages [268 kB]
Get:9 http://us.archive.ubuntu.com/ubuntu bionic-updates/main amd64 Packages [297 kB]
Get:10 http://us.archive.ubuntu.com/ubuntu bionic-updates/main Translation-en [113 kB]
Get:11 http://us.archive.ubuntu.com/ubuntu bionic-updates/universe i386 Packages [167 kB]
Get:12 http://us.archive.ubuntu.com/ubuntu bionic-updates/universe amd64 Packages [167 kB]
Get:13 http://us.archive.ubuntu.com/ubuntu bionic-updates/universe Translation-en [76.7 kB]
Get:14 http://security.ubuntu.com/ubuntu bionic-security/main i386 Packages [125 kB]
Get:15 http://security.ubuntu.com/ubuntu bionic-security/main amd64 Packages [153 kB]
Get:16 http://security.ubuntu.com/ubuntu bionic-security/main Translation-en [59.4 kB]
Get:17 http://security.ubuntu.com/ubuntu bionic-security/universe i386 Packages [52.0 kB]
Get:18 http://security.ubuntu.com/ubuntu bionic-security/universe amd64 Packages [52.2 kB]
Get:19 http://security.ubuntu.com/ubuntu bionic-security/universe Translation-en [30.4 kB]
Fetched 1,807 kB in 1s (1,335 kB/s)
Reading package lists...
Building dependency tree...
Reading state information...
195 packages can be upgraded. Run 'apt list --upgradable' to see them.
++ apt-cache search linux-image
++ awk '-F - ' '{print $1}'
++ fgrep amdsos
++ sort -V
++ tail -n1
+ linuximage=linux-image-4.17.0-amdsos-build6+
+ '[' -n linux-image-4.17.0-amdsos-build6+ ']'
+ sudo apt install linux-image-4.17.0-amdsos-build6+

WARNING: apt does not have a stable CLI interface. Use with caution in scripts.

Reading package lists...
Building dependency tree...
Reading state information...
linux-image-4.17.0-amdsos-build6+ is already the newest version (4.17.0-amdsos-build6+-1).
0 upgraded, 0 newly installed, 0 to remove and 195 not upgraded.
+ sudo apt remove -y '*-jenkins'

WARNING: apt does not have a stable CLI interface. Use with caution in scripts.

Reading package lists...
Building dependency tree...
Reading state information...
Package 'python3-jenkins' is not installed, so not removed
0 upgraded, 0 newly installed, 0 to remove and 195 not upgraded.
++ echo linux-image-4.17.0-amdsos-build6+
++ grep -oP '(?<=linux-image-).+'
+ sudo grubby --set-default /boot/vmlinuz-4.17.0-amdsos-build6+
+ exit 0
