Welcome to Ubuntu 18.04 LTS (GNU/Linux 4.17.0-jenkins x86_64)

 * Documentation:  https://help.ubuntu.com
 * Management:     https://landscape.canonical.com
 * Support:        https://ubuntu.com/advantage

  System information as of Wed Jun  6 22:27:24 UTC 2018

  System load:  1.5                Processes:          971
  Usage of /:   74.0% of 78.24GB   Users logged in:    1
  Memory usage: 0%                 IP address for br0: 10.236.10.208
  Swap usage:   0%

 * Meltdown, Spectre and Ubuntu: What are the attack vectors,
   how the fixes work, and everything else you need to know
   - https://ubu.one/u2Know

 * Canonical Livepatch is available for installation.
   - Reduce system reboots and improve kernel security. Activate at:
     https://ubuntu.com/livepatch

23 packages can be updated.
0 updates are security updates.


JOB ID     : 20c0c4c28c4dfbdf8012a2153fd97eb974fccdc5
JOB LOG    : /home/jenkins/avocado/job-results/job-2018-06-06T22.27-20c0c4c/job.log
 (1/1) avocado-misc-tests/generic/ltp.py:ltp.test:  